<?xml version="1.0" encoding="UTF-8"?>
<!-- Generated by org.testng.reporters.JUnitXMLReporter -->
<testsuite hostname="WINDOWS-5FHOE7R" name="EmailSubscriptionTest" tests="2" failures="2" timestamp="9 May 2016 00:23:08 GMT" time="4.021" errors="0">
  <testcase name="testEmailSubscription" time="2.022" classname="com.selenium.hybrid.testcases.EmailSubscriptionTest">
    <failure type="java.lang.AssertionError" message="Fail to open the browser expected [true] but found [false]">
      <![CDATA[java.lang.AssertionError: Fail to open the browser expected [true] but found [false]
	at com.selenium.hybrid.util.Keywords.executeKeywords(Keywords.java:144)
	at com.selenium.hybrid.testcases.EmailSubscriptionTest.testEmailSubscription(EmailSubscriptionTest.java:43)
... Removed 27 stack frames]]>
    </failure>
  </testcase> <!-- testEmailSubscription -->
  <testcase name="testEmailSubscription" time="1.993" classname="com.selenium.hybrid.testcases.EmailSubscriptionTest">
    <failure type="java.lang.AssertionError" message="Fail to open the browser expected [true] but found [false]">
      <![CDATA[java.lang.AssertionError: Fail to open the browser expected [true] but found [false]
	at com.selenium.hybrid.util.Keywords.executeKeywords(Keywords.java:144)
	at com.selenium.hybrid.testcases.EmailSubscriptionTest.testEmailSubscription(EmailSubscriptionTest.java:43)
... Removed 27 stack frames]]>
    </failure>
  </testcase> <!-- testEmailSubscription -->
</testsuite> <!-- EmailSubscriptionTest -->
