<html>
<head>
<title>TestNG:  MonthlyShoeDisplaysTest_Mozilla</title>
<link href="../testng.css" rel="stylesheet" type="text/css" />
<link href="../my-testng.css" rel="stylesheet" type="text/css" />

<style type="text/css">
.log { display: none;} 
.stack-trace { display: none;} 
</style>
<script type="text/javascript">
<!--
function flip(e) {
  current = e.style.display;
  if (current == 'block') {
    e.style.display = 'none';
    return 0;
  }
  else {
    e.style.display = 'block';
    return 1;
  }
}

function toggleBox(szDivId, elem, msg1, msg2)
{
  var res = -1;  if (document.getElementById) {
    res = flip(document.getElementById(szDivId));
  }
  else if (document.all) {
    // this is the way old msie versions work
    res = flip(document.all[szDivId]);
  }
  if(elem) {
    if(res == 0) elem.innerHTML = msg1; else elem.innerHTML = msg2;
  }

}

function toggleAllBoxes() {
  if (document.getElementsByTagName) {
    d = document.getElementsByTagName('div');
    for (i = 0; i < d.length; i++) {
      if (d[i].className == 'log') {
        flip(d[i]);
      }
    }
  }
}

// -->
</script>

</head>
<body>
<h2 align='center'>MonthlyShoeDisplaysTest_Mozilla</h2><table border='1' align="center">
<tr>
<td>Tests passed/Failed/Skipped:</td><td>11/2/0</td>
</tr><tr>
<td>Started on:</td><td>Sun May 08 17:47:49 EDT 2016</td>
</tr>
<tr><td>Total time:</td><td>39 seconds (39892 ms)</td>
</tr><tr>
<td>Included groups:</td><td></td>
</tr><tr>
<td>Excluded groups:</td><td></td>
</tr>
</table><p/>
<small><i>(Hover the method name to see the test class name)</i></small><p/>
<table width='100%' border='1' class='invocation-failed'>
<tr><td colspan='4' align='center'><b>FAILED TESTS</b></td></tr>
<tr><td><b>Test method</b></td>
<td width="30%"><b>Exception</b></td>
<td width="10%"><b>Time (seconds)</b></td>
<td><b>Instance</b></td>
</tr>
<tr>
<td title='com.selenium.hybrid.testcases.MonthlyShoeDisplaysTest.testMonthlyShoeDisplays()'><b>testMonthlyShoeDisplays</b><br>Test class: com.selenium.hybrid.testcases.MonthlyShoeDisplaysTest<br>Parameters: {Month=November, Runmode=Y}</td>
<td><div><pre>java.lang.AssertionError: Fail -Image src is null.No Image to display.
 expected [true] but found [false]
	at com.selenium.hybrid.util.Keywords.executeKeywords(Keywords.java:143)
	at com.selenium.hybrid.testcases.MonthlyShoeDisplaysTest.testMonthlyShoeDisplays(MonthlyShoeDisplaysTest.java:45)
	at java.util.concurrent.FutureTask.run(Unknown Source)
	at java.util.concurrent.ThreadPoolExecutor.runWorker(Unknown Source)
	at java.util.concurrent.ThreadPoolExecutor$Worker.run(Unknown Source)
	at java.lang.Thread.run(Unknown Source)
... Removed 18 stack frames</pre></div><a href='#' onClick='toggleBox("stack-trace1999851739", this, "Click to show all stack frames", "Click to hide stack frames")'>Click to show all stack frames</a>
<div class='stack-trace' id='stack-trace1999851739'><pre>java.lang.AssertionError: Fail -Image src is null.No Image to display.
 expected [true] but found [false]
	at org.testng.Assert.fail(Assert.java:94)
	at org.testng.Assert.failNotEquals(Assert.java:496)
	at org.testng.Assert.assertTrue(Assert.java:42)
	at com.selenium.hybrid.util.Keywords.executeKeywords(Keywords.java:143)
	at com.selenium.hybrid.testcases.MonthlyShoeDisplaysTest.testMonthlyShoeDisplays(MonthlyShoeDisplaysTest.java:45)
	at sun.reflect.GeneratedMethodAccessor1.invoke(Unknown Source)
	at sun.reflect.DelegatingMethodAccessorImpl.invoke(Unknown Source)
	at java.lang.reflect.Method.invoke(Unknown Source)
	at org.testng.internal.MethodInvocationHelper.invokeMethod(MethodInvocationHelper.java:85)
	at org.testng.internal.Invoker.invokeMethod(Invoker.java:639)
	at org.testng.internal.Invoker.invokeTestMethod(Invoker.java:816)
	at org.testng.internal.Invoker.invokeTestMethods(Invoker.java:1124)
	at org.testng.internal.TestMethodWorker.invokeTestMethods(TestMethodWorker.java:125)
	at org.testng.internal.TestMethodWorker.run(TestMethodWorker.java:108)
	at org.testng.TestRunner.privateRun(TestRunner.java:774)
	at org.testng.TestRunner.run(TestRunner.java:624)
	at org.testng.SuiteRunner.runTest(SuiteRunner.java:359)
	at org.testng.SuiteRunner.access$000(SuiteRunner.java:39)
	at org.testng.SuiteRunner$SuiteWorker.run(SuiteRunner.java:393)
	at org.testng.internal.thread.ThreadUtil$2.call(ThreadUtil.java:64)
	at java.util.concurrent.FutureTask.run(Unknown Source)
	at java.util.concurrent.ThreadPoolExecutor.runWorker(Unknown Source)
	at java.util.concurrent.ThreadPoolExecutor$Worker.run(Unknown Source)
	at java.lang.Thread.run(Unknown Source)
</pre></div></td>
<td>1</td>
<td>com.selenium.hybrid.testcases.MonthlyShoeDisplaysTest@61a52fbd</td></tr>
<tr>
<td title='com.selenium.hybrid.testcases.MonthlyShoeDisplaysTest.testMonthlyShoeDisplays()'><b>testMonthlyShoeDisplays</b><br>Test class: com.selenium.hybrid.testcases.MonthlyShoeDisplaysTest<br>Parameters: {Month=All Shoes, Runmode=Y}</td>
<td><div><pre>java.lang.AssertionError: Fail -Image src is null.No Image to display.
 expected [true] but found [false]
	at com.selenium.hybrid.util.Keywords.executeKeywords(Keywords.java:143)
	at com.selenium.hybrid.testcases.MonthlyShoeDisplaysTest.testMonthlyShoeDisplays(MonthlyShoeDisplaysTest.java:45)
	at java.util.concurrent.FutureTask.run(Unknown Source)
	at java.util.concurrent.ThreadPoolExecutor.runWorker(Unknown Source)
	at java.util.concurrent.ThreadPoolExecutor$Worker.run(Unknown Source)
	at java.lang.Thread.run(Unknown Source)
... Removed 18 stack frames</pre></div><a href='#' onClick='toggleBox("stack-trace248655322", this, "Click to show all stack frames", "Click to hide stack frames")'>Click to show all stack frames</a>
<div class='stack-trace' id='stack-trace248655322'><pre>java.lang.AssertionError: Fail -Image src is null.No Image to display.
 expected [true] but found [false]
	at org.testng.Assert.fail(Assert.java:94)
	at org.testng.Assert.failNotEquals(Assert.java:496)
	at org.testng.Assert.assertTrue(Assert.java:42)
	at com.selenium.hybrid.util.Keywords.executeKeywords(Keywords.java:143)
	at com.selenium.hybrid.testcases.MonthlyShoeDisplaysTest.testMonthlyShoeDisplays(MonthlyShoeDisplaysTest.java:45)
	at sun.reflect.GeneratedMethodAccessor1.invoke(Unknown Source)
	at sun.reflect.DelegatingMethodAccessorImpl.invoke(Unknown Source)
	at java.lang.reflect.Method.invoke(Unknown Source)
	at org.testng.internal.MethodInvocationHelper.invokeMethod(MethodInvocationHelper.java:85)
	at org.testng.internal.Invoker.invokeMethod(Invoker.java:639)
	at org.testng.internal.Invoker.invokeTestMethod(Invoker.java:816)
	at org.testng.internal.Invoker.invokeTestMethods(Invoker.java:1124)
	at org.testng.internal.TestMethodWorker.invokeTestMethods(TestMethodWorker.java:125)
	at org.testng.internal.TestMethodWorker.run(TestMethodWorker.java:108)
	at org.testng.TestRunner.privateRun(TestRunner.java:774)
	at org.testng.TestRunner.run(TestRunner.java:624)
	at org.testng.SuiteRunner.runTest(SuiteRunner.java:359)
	at org.testng.SuiteRunner.access$000(SuiteRunner.java:39)
	at org.testng.SuiteRunner$SuiteWorker.run(SuiteRunner.java:393)
	at org.testng.internal.thread.ThreadUtil$2.call(ThreadUtil.java:64)
	at java.util.concurrent.FutureTask.run(Unknown Source)
	at java.util.concurrent.ThreadPoolExecutor.runWorker(Unknown Source)
	at java.util.concurrent.ThreadPoolExecutor$Worker.run(Unknown Source)
	at java.lang.Thread.run(Unknown Source)
</pre></div></td>
<td>5</td>
<td>com.selenium.hybrid.testcases.MonthlyShoeDisplaysTest@61a52fbd</td></tr>
</table><p>
<table width='100%' border='1' class='invocation-passed'>
<tr><td colspan='4' align='center'><b>PASSED TESTS</b></td></tr>
<tr><td><b>Test method</b></td>
<td width="30%"><b>Exception</b></td>
<td width="10%"><b>Time (seconds)</b></td>
<td><b>Instance</b></td>
</tr>
<tr>
<td title='com.selenium.hybrid.testcases.MonthlyShoeDisplaysTest.testMonthlyShoeDisplays()'><b>testMonthlyShoeDisplays</b><br>Test class: com.selenium.hybrid.testcases.MonthlyShoeDisplaysTest<br>Parameters: {Month=January, Runmode=Y}</td>
<td></td>
<td>6</td>
<td>com.selenium.hybrid.testcases.MonthlyShoeDisplaysTest@61a52fbd</td></tr>
<tr>
<td title='com.selenium.hybrid.testcases.MonthlyShoeDisplaysTest.testMonthlyShoeDisplays()'><b>testMonthlyShoeDisplays</b><br>Test class: com.selenium.hybrid.testcases.MonthlyShoeDisplaysTest<br>Parameters: {Month=February, Runmode=Y}</td>
<td></td>
<td>2</td>
<td>com.selenium.hybrid.testcases.MonthlyShoeDisplaysTest@61a52fbd</td></tr>
<tr>
<td title='com.selenium.hybrid.testcases.MonthlyShoeDisplaysTest.testMonthlyShoeDisplays()'><b>testMonthlyShoeDisplays</b><br>Test class: com.selenium.hybrid.testcases.MonthlyShoeDisplaysTest<br>Parameters: {Month=March, Runmode=Y}</td>
<td></td>
<td>3</td>
<td>com.selenium.hybrid.testcases.MonthlyShoeDisplaysTest@61a52fbd</td></tr>
<tr>
<td title='com.selenium.hybrid.testcases.MonthlyShoeDisplaysTest.testMonthlyShoeDisplays()'><b>testMonthlyShoeDisplays</b><br>Test class: com.selenium.hybrid.testcases.MonthlyShoeDisplaysTest<br>Parameters: {Month=April, Runmode=Y}</td>
<td></td>
<td>2</td>
<td>com.selenium.hybrid.testcases.MonthlyShoeDisplaysTest@61a52fbd</td></tr>
<tr>
<td title='com.selenium.hybrid.testcases.MonthlyShoeDisplaysTest.testMonthlyShoeDisplays()'><b>testMonthlyShoeDisplays</b><br>Test class: com.selenium.hybrid.testcases.MonthlyShoeDisplaysTest<br>Parameters: {Month=May, Runmode=Y}</td>
<td></td>
<td>2</td>
<td>com.selenium.hybrid.testcases.MonthlyShoeDisplaysTest@61a52fbd</td></tr>
<tr>
<td title='com.selenium.hybrid.testcases.MonthlyShoeDisplaysTest.testMonthlyShoeDisplays()'><b>testMonthlyShoeDisplays</b><br>Test class: com.selenium.hybrid.testcases.MonthlyShoeDisplaysTest<br>Parameters: {Month=June, Runmode=Y}</td>
<td></td>
<td>2</td>
<td>com.selenium.hybrid.testcases.MonthlyShoeDisplaysTest@61a52fbd</td></tr>
<tr>
<td title='com.selenium.hybrid.testcases.MonthlyShoeDisplaysTest.testMonthlyShoeDisplays()'><b>testMonthlyShoeDisplays</b><br>Test class: com.selenium.hybrid.testcases.MonthlyShoeDisplaysTest<br>Parameters: {Month=July, Runmode=Y}</td>
<td></td>
<td>1</td>
<td>com.selenium.hybrid.testcases.MonthlyShoeDisplaysTest@61a52fbd</td></tr>
<tr>
<td title='com.selenium.hybrid.testcases.MonthlyShoeDisplaysTest.testMonthlyShoeDisplays()'><b>testMonthlyShoeDisplays</b><br>Test class: com.selenium.hybrid.testcases.MonthlyShoeDisplaysTest<br>Parameters: {Month=August, Runmode=Y}</td>
<td></td>
<td>1</td>
<td>com.selenium.hybrid.testcases.MonthlyShoeDisplaysTest@61a52fbd</td></tr>
<tr>
<td title='com.selenium.hybrid.testcases.MonthlyShoeDisplaysTest.testMonthlyShoeDisplays()'><b>testMonthlyShoeDisplays</b><br>Test class: com.selenium.hybrid.testcases.MonthlyShoeDisplaysTest<br>Parameters: {Month=September, Runmode=Y}</td>
<td></td>
<td>1</td>
<td>com.selenium.hybrid.testcases.MonthlyShoeDisplaysTest@61a52fbd</td></tr>
<tr>
<td title='com.selenium.hybrid.testcases.MonthlyShoeDisplaysTest.testMonthlyShoeDisplays()'><b>testMonthlyShoeDisplays</b><br>Test class: com.selenium.hybrid.testcases.MonthlyShoeDisplaysTest<br>Parameters: {Month=October, Runmode=Y}</td>
<td></td>
<td>1</td>
<td>com.selenium.hybrid.testcases.MonthlyShoeDisplaysTest@61a52fbd</td></tr>
<tr>
<td title='com.selenium.hybrid.testcases.MonthlyShoeDisplaysTest.testMonthlyShoeDisplays()'><b>testMonthlyShoeDisplays</b><br>Test class: com.selenium.hybrid.testcases.MonthlyShoeDisplaysTest<br>Parameters: {Month=December, Runmode=Y}</td>
<td></td>
<td>1</td>
<td>com.selenium.hybrid.testcases.MonthlyShoeDisplaysTest@61a52fbd</td></tr>
</table><p>
</body>
</html>