<html>
<head>
<title>TestNG:  MonthlyShoeDisplaysTest</title>
<link href="../testng.css" rel="stylesheet" type="text/css" />
<link href="../my-testng.css" rel="stylesheet" type="text/css" />

<style type="text/css">
.log { display: none;} 
.stack-trace { display: none;} 
</style>
<script type="text/javascript">
<!--
function flip(e) {
  current = e.style.display;
  if (current == 'block') {
    e.style.display = 'none';
    return 0;
  }
  else {
    e.style.display = 'block';
    return 1;
  }
}

function toggleBox(szDivId, elem, msg1, msg2)
{
  var res = -1;  if (document.getElementById) {
    res = flip(document.getElementById(szDivId));
  }
  else if (document.all) {
    // this is the way old msie versions work
    res = flip(document.all[szDivId]);
  }
  if(elem) {
    if(res == 0) elem.innerHTML = msg1; else elem.innerHTML = msg2;
  }

}

function toggleAllBoxes() {
  if (document.getElementsByTagName) {
    d = document.getElementsByTagName('div');
    for (i = 0; i < d.length; i++) {
      if (d[i].className == 'log') {
        flip(d[i]);
      }
    }
  }
}

// -->
</script>

</head>
<body>
<h2 align='center'>MonthlyShoeDisplaysTest</h2><table border='1' align="center">
<tr>
<td>Tests passed/Failed/Skipped:</td><td>0/13/0</td>
</tr><tr>
<td>Started on:</td><td>Sun May 08 20:22:37 EDT 2016</td>
</tr>
<tr><td>Total time:</td><td>27 seconds (27262 ms)</td>
</tr><tr>
<td>Included groups:</td><td></td>
</tr><tr>
<td>Excluded groups:</td><td></td>
</tr>
</table><p/>
<small><i>(Hover the method name to see the test class name)</i></small><p/>
<table width='100%' border='1' class='invocation-failed'>
<tr><td colspan='4' align='center'><b>FAILED TESTS</b></td></tr>
<tr><td><b>Test method</b></td>
<td width="30%"><b>Exception</b></td>
<td width="10%"><b>Time (seconds)</b></td>
<td><b>Instance</b></td>
</tr>
<tr>
<td title='com.selenium.hybrid.testcases.MonthlyShoeDisplaysTest.testMonthlyShoeDisplays()'><b>testMonthlyShoeDisplays</b><br>Test class: com.selenium.hybrid.testcases.MonthlyShoeDisplaysTest<br>Parameters: {Month=January, Runmode=Y}</td>
<td><div><pre>java.lang.AssertionError: Fail to open the browser expected [true] but found [false]
	at com.selenium.hybrid.util.Keywords.executeKeywords(Keywords.java:144)
	at com.selenium.hybrid.testcases.MonthlyShoeDisplaysTest.testMonthlyShoeDisplays(MonthlyShoeDisplaysTest.java:44)
... Removed 27 stack frames</pre></div><a href='#' onClick='toggleBox("stack-trace1731977615", this, "Click to show all stack frames", "Click to hide stack frames")'>Click to show all stack frames</a>
<div class='stack-trace' id='stack-trace1731977615'><pre>java.lang.AssertionError: Fail to open the browser expected [true] but found [false]
	at org.testng.Assert.fail(Assert.java:94)
	at org.testng.Assert.failNotEquals(Assert.java:496)
	at org.testng.Assert.assertTrue(Assert.java:42)
	at com.selenium.hybrid.util.Keywords.executeKeywords(Keywords.java:144)
	at com.selenium.hybrid.testcases.MonthlyShoeDisplaysTest.testMonthlyShoeDisplays(MonthlyShoeDisplaysTest.java:44)
	at sun.reflect.NativeMethodAccessorImpl.invoke0(Native Method)
	at sun.reflect.NativeMethodAccessorImpl.invoke(Unknown Source)
	at sun.reflect.DelegatingMethodAccessorImpl.invoke(Unknown Source)
	at java.lang.reflect.Method.invoke(Unknown Source)
	at org.testng.internal.MethodInvocationHelper.invokeMethod(MethodInvocationHelper.java:85)
	at org.testng.internal.Invoker.invokeMethod(Invoker.java:639)
	at org.testng.internal.Invoker.invokeTestMethod(Invoker.java:816)
	at org.testng.internal.Invoker.invokeTestMethods(Invoker.java:1124)
	at org.testng.internal.TestMethodWorker.invokeTestMethods(TestMethodWorker.java:125)
	at org.testng.internal.TestMethodWorker.run(TestMethodWorker.java:108)
	at org.testng.TestRunner.privateRun(TestRunner.java:774)
	at org.testng.TestRunner.run(TestRunner.java:624)
	at org.testng.SuiteRunner.runTest(SuiteRunner.java:359)
	at org.testng.SuiteRunner.runSequentially(SuiteRunner.java:354)
	at org.testng.SuiteRunner.privateRun(SuiteRunner.java:312)
	at org.testng.SuiteRunner.run(SuiteRunner.java:261)
	at org.testng.SuiteRunnerWorker.runSuite(SuiteRunnerWorker.java:52)
	at org.testng.SuiteRunnerWorker.run(SuiteRunnerWorker.java:86)
	at org.testng.TestNG.runSuitesSequentially(TestNG.java:1215)
	at org.testng.TestNG.runSuitesLocally(TestNG.java:1140)
	at org.testng.TestNG.run(TestNG.java:1048)
	at org.testng.remote.AbstractRemoteTestNG.run(AbstractRemoteTestNG.java:126)
	at org.testng.remote.RemoteTestNG.initAndRun(RemoteTestNG.java:137)
	at org.testng.remote.RemoteTestNG.main(RemoteTestNG.java:58)
</pre></div></td>
<td>2</td>
<td>com.selenium.hybrid.testcases.MonthlyShoeDisplaysTest@7c16905e</td></tr>
<tr>
<td title='com.selenium.hybrid.testcases.MonthlyShoeDisplaysTest.testMonthlyShoeDisplays()'><b>testMonthlyShoeDisplays</b><br>Test class: com.selenium.hybrid.testcases.MonthlyShoeDisplaysTest<br>Parameters: {Month=February, Runmode=Y}</td>
<td><div><pre>java.lang.AssertionError: Fail to open the browser expected [true] but found [false]
	at com.selenium.hybrid.util.Keywords.executeKeywords(Keywords.java:144)
	at com.selenium.hybrid.testcases.MonthlyShoeDisplaysTest.testMonthlyShoeDisplays(MonthlyShoeDisplaysTest.java:44)
... Removed 27 stack frames</pre></div><a href='#' onClick='toggleBox("stack-trace1424482154", this, "Click to show all stack frames", "Click to hide stack frames")'>Click to show all stack frames</a>
<div class='stack-trace' id='stack-trace1424482154'><pre>java.lang.AssertionError: Fail to open the browser expected [true] but found [false]
	at org.testng.Assert.fail(Assert.java:94)
	at org.testng.Assert.failNotEquals(Assert.java:496)
	at org.testng.Assert.assertTrue(Assert.java:42)
	at com.selenium.hybrid.util.Keywords.executeKeywords(Keywords.java:144)
	at com.selenium.hybrid.testcases.MonthlyShoeDisplaysTest.testMonthlyShoeDisplays(MonthlyShoeDisplaysTest.java:44)
	at sun.reflect.NativeMethodAccessorImpl.invoke0(Native Method)
	at sun.reflect.NativeMethodAccessorImpl.invoke(Unknown Source)
	at sun.reflect.DelegatingMethodAccessorImpl.invoke(Unknown Source)
	at java.lang.reflect.Method.invoke(Unknown Source)
	at org.testng.internal.MethodInvocationHelper.invokeMethod(MethodInvocationHelper.java:85)
	at org.testng.internal.Invoker.invokeMethod(Invoker.java:639)
	at org.testng.internal.Invoker.invokeTestMethod(Invoker.java:816)
	at org.testng.internal.Invoker.invokeTestMethods(Invoker.java:1124)
	at org.testng.internal.TestMethodWorker.invokeTestMethods(TestMethodWorker.java:125)
	at org.testng.internal.TestMethodWorker.run(TestMethodWorker.java:108)
	at org.testng.TestRunner.privateRun(TestRunner.java:774)
	at org.testng.TestRunner.run(TestRunner.java:624)
	at org.testng.SuiteRunner.runTest(SuiteRunner.java:359)
	at org.testng.SuiteRunner.runSequentially(SuiteRunner.java:354)
	at org.testng.SuiteRunner.privateRun(SuiteRunner.java:312)
	at org.testng.SuiteRunner.run(SuiteRunner.java:261)
	at org.testng.SuiteRunnerWorker.runSuite(SuiteRunnerWorker.java:52)
	at org.testng.SuiteRunnerWorker.run(SuiteRunnerWorker.java:86)
	at org.testng.TestNG.runSuitesSequentially(TestNG.java:1215)
	at org.testng.TestNG.runSuitesLocally(TestNG.java:1140)
	at org.testng.TestNG.run(TestNG.java:1048)
	at org.testng.remote.AbstractRemoteTestNG.run(AbstractRemoteTestNG.java:126)
	at org.testng.remote.RemoteTestNG.initAndRun(RemoteTestNG.java:137)
	at org.testng.remote.RemoteTestNG.main(RemoteTestNG.java:58)
</pre></div></td>
<td>2</td>
<td>com.selenium.hybrid.testcases.MonthlyShoeDisplaysTest@7c16905e</td></tr>
<tr>
<td title='com.selenium.hybrid.testcases.MonthlyShoeDisplaysTest.testMonthlyShoeDisplays()'><b>testMonthlyShoeDisplays</b><br>Test class: com.selenium.hybrid.testcases.MonthlyShoeDisplaysTest<br>Parameters: {Month=March, Runmode=Y}</td>
<td><div><pre>java.lang.AssertionError: Fail to open the browser expected [true] but found [false]
	at com.selenium.hybrid.util.Keywords.executeKeywords(Keywords.java:144)
	at com.selenium.hybrid.testcases.MonthlyShoeDisplaysTest.testMonthlyShoeDisplays(MonthlyShoeDisplaysTest.java:44)
... Removed 27 stack frames</pre></div><a href='#' onClick='toggleBox("stack-trace851765426", this, "Click to show all stack frames", "Click to hide stack frames")'>Click to show all stack frames</a>
<div class='stack-trace' id='stack-trace851765426'><pre>java.lang.AssertionError: Fail to open the browser expected [true] but found [false]
	at org.testng.Assert.fail(Assert.java:94)
	at org.testng.Assert.failNotEquals(Assert.java:496)
	at org.testng.Assert.assertTrue(Assert.java:42)
	at com.selenium.hybrid.util.Keywords.executeKeywords(Keywords.java:144)
	at com.selenium.hybrid.testcases.MonthlyShoeDisplaysTest.testMonthlyShoeDisplays(MonthlyShoeDisplaysTest.java:44)
	at sun.reflect.NativeMethodAccessorImpl.invoke0(Native Method)
	at sun.reflect.NativeMethodAccessorImpl.invoke(Unknown Source)
	at sun.reflect.DelegatingMethodAccessorImpl.invoke(Unknown Source)
	at java.lang.reflect.Method.invoke(Unknown Source)
	at org.testng.internal.MethodInvocationHelper.invokeMethod(MethodInvocationHelper.java:85)
	at org.testng.internal.Invoker.invokeMethod(Invoker.java:639)
	at org.testng.internal.Invoker.invokeTestMethod(Invoker.java:816)
	at org.testng.internal.Invoker.invokeTestMethods(Invoker.java:1124)
	at org.testng.internal.TestMethodWorker.invokeTestMethods(TestMethodWorker.java:125)
	at org.testng.internal.TestMethodWorker.run(TestMethodWorker.java:108)
	at org.testng.TestRunner.privateRun(TestRunner.java:774)
	at org.testng.TestRunner.run(TestRunner.java:624)
	at org.testng.SuiteRunner.runTest(SuiteRunner.java:359)
	at org.testng.SuiteRunner.runSequentially(SuiteRunner.java:354)
	at org.testng.SuiteRunner.privateRun(SuiteRunner.java:312)
	at org.testng.SuiteRunner.run(SuiteRunner.java:261)
	at org.testng.SuiteRunnerWorker.runSuite(SuiteRunnerWorker.java:52)
	at org.testng.SuiteRunnerWorker.run(SuiteRunnerWorker.java:86)
	at org.testng.TestNG.runSuitesSequentially(TestNG.java:1215)
	at org.testng.TestNG.runSuitesLocally(TestNG.java:1140)
	at org.testng.TestNG.run(TestNG.java:1048)
	at org.testng.remote.AbstractRemoteTestNG.run(AbstractRemoteTestNG.java:126)
	at org.testng.remote.RemoteTestNG.initAndRun(RemoteTestNG.java:137)
	at org.testng.remote.RemoteTestNG.main(RemoteTestNG.java:58)
</pre></div></td>
<td>2</td>
<td>com.selenium.hybrid.testcases.MonthlyShoeDisplaysTest@7c16905e</td></tr>
<tr>
<td title='com.selenium.hybrid.testcases.MonthlyShoeDisplaysTest.testMonthlyShoeDisplays()'><b>testMonthlyShoeDisplays</b><br>Test class: com.selenium.hybrid.testcases.MonthlyShoeDisplaysTest<br>Parameters: {Month=April, Runmode=Y}</td>
<td><div><pre>java.lang.AssertionError: Fail to open the browser expected [true] but found [false]
	at com.selenium.hybrid.util.Keywords.executeKeywords(Keywords.java:144)
	at com.selenium.hybrid.testcases.MonthlyShoeDisplaysTest.testMonthlyShoeDisplays(MonthlyShoeDisplaysTest.java:44)
... Removed 27 stack frames</pre></div><a href='#' onClick='toggleBox("stack-trace1502335674", this, "Click to show all stack frames", "Click to hide stack frames")'>Click to show all stack frames</a>
<div class='stack-trace' id='stack-trace1502335674'><pre>java.lang.AssertionError: Fail to open the browser expected [true] but found [false]
	at org.testng.Assert.fail(Assert.java:94)
	at org.testng.Assert.failNotEquals(Assert.java:496)
	at org.testng.Assert.assertTrue(Assert.java:42)
	at com.selenium.hybrid.util.Keywords.executeKeywords(Keywords.java:144)
	at com.selenium.hybrid.testcases.MonthlyShoeDisplaysTest.testMonthlyShoeDisplays(MonthlyShoeDisplaysTest.java:44)
	at sun.reflect.NativeMethodAccessorImpl.invoke0(Native Method)
	at sun.reflect.NativeMethodAccessorImpl.invoke(Unknown Source)
	at sun.reflect.DelegatingMethodAccessorImpl.invoke(Unknown Source)
	at java.lang.reflect.Method.invoke(Unknown Source)
	at org.testng.internal.MethodInvocationHelper.invokeMethod(MethodInvocationHelper.java:85)
	at org.testng.internal.Invoker.invokeMethod(Invoker.java:639)
	at org.testng.internal.Invoker.invokeTestMethod(Invoker.java:816)
	at org.testng.internal.Invoker.invokeTestMethods(Invoker.java:1124)
	at org.testng.internal.TestMethodWorker.invokeTestMethods(TestMethodWorker.java:125)
	at org.testng.internal.TestMethodWorker.run(TestMethodWorker.java:108)
	at org.testng.TestRunner.privateRun(TestRunner.java:774)
	at org.testng.TestRunner.run(TestRunner.java:624)
	at org.testng.SuiteRunner.runTest(SuiteRunner.java:359)
	at org.testng.SuiteRunner.runSequentially(SuiteRunner.java:354)
	at org.testng.SuiteRunner.privateRun(SuiteRunner.java:312)
	at org.testng.SuiteRunner.run(SuiteRunner.java:261)
	at org.testng.SuiteRunnerWorker.runSuite(SuiteRunnerWorker.java:52)
	at org.testng.SuiteRunnerWorker.run(SuiteRunnerWorker.java:86)
	at org.testng.TestNG.runSuitesSequentially(TestNG.java:1215)
	at org.testng.TestNG.runSuitesLocally(TestNG.java:1140)
	at org.testng.TestNG.run(TestNG.java:1048)
	at org.testng.remote.AbstractRemoteTestNG.run(AbstractRemoteTestNG.java:126)
	at org.testng.remote.RemoteTestNG.initAndRun(RemoteTestNG.java:137)
	at org.testng.remote.RemoteTestNG.main(RemoteTestNG.java:58)
</pre></div></td>
<td>2</td>
<td>com.selenium.hybrid.testcases.MonthlyShoeDisplaysTest@7c16905e</td></tr>
<tr>
<td title='com.selenium.hybrid.testcases.MonthlyShoeDisplaysTest.testMonthlyShoeDisplays()'><b>testMonthlyShoeDisplays</b><br>Test class: com.selenium.hybrid.testcases.MonthlyShoeDisplaysTest<br>Parameters: {Month=May, Runmode=Y}</td>
<td><div><pre>java.lang.AssertionError: Fail to open the browser expected [true] but found [false]
	at com.selenium.hybrid.util.Keywords.executeKeywords(Keywords.java:144)
	at com.selenium.hybrid.testcases.MonthlyShoeDisplaysTest.testMonthlyShoeDisplays(MonthlyShoeDisplaysTest.java:44)
... Removed 27 stack frames</pre></div><a href='#' onClick='toggleBox("stack-trace1212191909", this, "Click to show all stack frames", "Click to hide stack frames")'>Click to show all stack frames</a>
<div class='stack-trace' id='stack-trace1212191909'><pre>java.lang.AssertionError: Fail to open the browser expected [true] but found [false]
	at org.testng.Assert.fail(Assert.java:94)
	at org.testng.Assert.failNotEquals(Assert.java:496)
	at org.testng.Assert.assertTrue(Assert.java:42)
	at com.selenium.hybrid.util.Keywords.executeKeywords(Keywords.java:144)
	at com.selenium.hybrid.testcases.MonthlyShoeDisplaysTest.testMonthlyShoeDisplays(MonthlyShoeDisplaysTest.java:44)
	at sun.reflect.NativeMethodAccessorImpl.invoke0(Native Method)
	at sun.reflect.NativeMethodAccessorImpl.invoke(Unknown Source)
	at sun.reflect.DelegatingMethodAccessorImpl.invoke(Unknown Source)
	at java.lang.reflect.Method.invoke(Unknown Source)
	at org.testng.internal.MethodInvocationHelper.invokeMethod(MethodInvocationHelper.java:85)
	at org.testng.internal.Invoker.invokeMethod(Invoker.java:639)
	at org.testng.internal.Invoker.invokeTestMethod(Invoker.java:816)
	at org.testng.internal.Invoker.invokeTestMethods(Invoker.java:1124)
	at org.testng.internal.TestMethodWorker.invokeTestMethods(TestMethodWorker.java:125)
	at org.testng.internal.TestMethodWorker.run(TestMethodWorker.java:108)
	at org.testng.TestRunner.privateRun(TestRunner.java:774)
	at org.testng.TestRunner.run(TestRunner.java:624)
	at org.testng.SuiteRunner.runTest(SuiteRunner.java:359)
	at org.testng.SuiteRunner.runSequentially(SuiteRunner.java:354)
	at org.testng.SuiteRunner.privateRun(SuiteRunner.java:312)
	at org.testng.SuiteRunner.run(SuiteRunner.java:261)
	at org.testng.SuiteRunnerWorker.runSuite(SuiteRunnerWorker.java:52)
	at org.testng.SuiteRunnerWorker.run(SuiteRunnerWorker.java:86)
	at org.testng.TestNG.runSuitesSequentially(TestNG.java:1215)
	at org.testng.TestNG.runSuitesLocally(TestNG.java:1140)
	at org.testng.TestNG.run(TestNG.java:1048)
	at org.testng.remote.AbstractRemoteTestNG.run(AbstractRemoteTestNG.java:126)
	at org.testng.remote.RemoteTestNG.initAndRun(RemoteTestNG.java:137)
	at org.testng.remote.RemoteTestNG.main(RemoteTestNG.java:58)
</pre></div></td>
<td>1</td>
<td>com.selenium.hybrid.testcases.MonthlyShoeDisplaysTest@7c16905e</td></tr>
<tr>
<td title='com.selenium.hybrid.testcases.MonthlyShoeDisplaysTest.testMonthlyShoeDisplays()'><b>testMonthlyShoeDisplays</b><br>Test class: com.selenium.hybrid.testcases.MonthlyShoeDisplaysTest<br>Parameters: {Month=June, Runmode=Y}</td>
<td><div><pre>java.lang.AssertionError: Fail to open the browser expected [true] but found [false]
	at com.selenium.hybrid.util.Keywords.executeKeywords(Keywords.java:144)
	at com.selenium.hybrid.testcases.MonthlyShoeDisplaysTest.testMonthlyShoeDisplays(MonthlyShoeDisplaysTest.java:44)
... Removed 27 stack frames</pre></div><a href='#' onClick='toggleBox("stack-trace738677855", this, "Click to show all stack frames", "Click to hide stack frames")'>Click to show all stack frames</a>
<div class='stack-trace' id='stack-trace738677855'><pre>java.lang.AssertionError: Fail to open the browser expected [true] but found [false]
	at org.testng.Assert.fail(Assert.java:94)
	at org.testng.Assert.failNotEquals(Assert.java:496)
	at org.testng.Assert.assertTrue(Assert.java:42)
	at com.selenium.hybrid.util.Keywords.executeKeywords(Keywords.java:144)
	at com.selenium.hybrid.testcases.MonthlyShoeDisplaysTest.testMonthlyShoeDisplays(MonthlyShoeDisplaysTest.java:44)
	at sun.reflect.NativeMethodAccessorImpl.invoke0(Native Method)
	at sun.reflect.NativeMethodAccessorImpl.invoke(Unknown Source)
	at sun.reflect.DelegatingMethodAccessorImpl.invoke(Unknown Source)
	at java.lang.reflect.Method.invoke(Unknown Source)
	at org.testng.internal.MethodInvocationHelper.invokeMethod(MethodInvocationHelper.java:85)
	at org.testng.internal.Invoker.invokeMethod(Invoker.java:639)
	at org.testng.internal.Invoker.invokeTestMethod(Invoker.java:816)
	at org.testng.internal.Invoker.invokeTestMethods(Invoker.java:1124)
	at org.testng.internal.TestMethodWorker.invokeTestMethods(TestMethodWorker.java:125)
	at org.testng.internal.TestMethodWorker.run(TestMethodWorker.java:108)
	at org.testng.TestRunner.privateRun(TestRunner.java:774)
	at org.testng.TestRunner.run(TestRunner.java:624)
	at org.testng.SuiteRunner.runTest(SuiteRunner.java:359)
	at org.testng.SuiteRunner.runSequentially(SuiteRunner.java:354)
	at org.testng.SuiteRunner.privateRun(SuiteRunner.java:312)
	at org.testng.SuiteRunner.run(SuiteRunner.java:261)
	at org.testng.SuiteRunnerWorker.runSuite(SuiteRunnerWorker.java:52)
	at org.testng.SuiteRunnerWorker.run(SuiteRunnerWorker.java:86)
	at org.testng.TestNG.runSuitesSequentially(TestNG.java:1215)
	at org.testng.TestNG.runSuitesLocally(TestNG.java:1140)
	at org.testng.TestNG.run(TestNG.java:1048)
	at org.testng.remote.AbstractRemoteTestNG.run(AbstractRemoteTestNG.java:126)
	at org.testng.remote.RemoteTestNG.initAndRun(RemoteTestNG.java:137)
	at org.testng.remote.RemoteTestNG.main(RemoteTestNG.java:58)
</pre></div></td>
<td>1</td>
<td>com.selenium.hybrid.testcases.MonthlyShoeDisplaysTest@7c16905e</td></tr>
<tr>
<td title='com.selenium.hybrid.testcases.MonthlyShoeDisplaysTest.testMonthlyShoeDisplays()'><b>testMonthlyShoeDisplays</b><br>Test class: com.selenium.hybrid.testcases.MonthlyShoeDisplaysTest<br>Parameters: {Month=July, Runmode=Y}</td>
<td><div><pre>java.lang.AssertionError: Fail to open the browser expected [true] but found [false]
	at com.selenium.hybrid.util.Keywords.executeKeywords(Keywords.java:144)
	at com.selenium.hybrid.testcases.MonthlyShoeDisplaysTest.testMonthlyShoeDisplays(MonthlyShoeDisplaysTest.java:44)
... Removed 27 stack frames</pre></div><a href='#' onClick='toggleBox("stack-trace885002305", this, "Click to show all stack frames", "Click to hide stack frames")'>Click to show all stack frames</a>
<div class='stack-trace' id='stack-trace885002305'><pre>java.lang.AssertionError: Fail to open the browser expected [true] but found [false]
	at org.testng.Assert.fail(Assert.java:94)
	at org.testng.Assert.failNotEquals(Assert.java:496)
	at org.testng.Assert.assertTrue(Assert.java:42)
	at com.selenium.hybrid.util.Keywords.executeKeywords(Keywords.java:144)
	at com.selenium.hybrid.testcases.MonthlyShoeDisplaysTest.testMonthlyShoeDisplays(MonthlyShoeDisplaysTest.java:44)
	at sun.reflect.NativeMethodAccessorImpl.invoke0(Native Method)
	at sun.reflect.NativeMethodAccessorImpl.invoke(Unknown Source)
	at sun.reflect.DelegatingMethodAccessorImpl.invoke(Unknown Source)
	at java.lang.reflect.Method.invoke(Unknown Source)
	at org.testng.internal.MethodInvocationHelper.invokeMethod(MethodInvocationHelper.java:85)
	at org.testng.internal.Invoker.invokeMethod(Invoker.java:639)
	at org.testng.internal.Invoker.invokeTestMethod(Invoker.java:816)
	at org.testng.internal.Invoker.invokeTestMethods(Invoker.java:1124)
	at org.testng.internal.TestMethodWorker.invokeTestMethods(TestMethodWorker.java:125)
	at org.testng.internal.TestMethodWorker.run(TestMethodWorker.java:108)
	at org.testng.TestRunner.privateRun(TestRunner.java:774)
	at org.testng.TestRunner.run(TestRunner.java:624)
	at org.testng.SuiteRunner.runTest(SuiteRunner.java:359)
	at org.testng.SuiteRunner.runSequentially(SuiteRunner.java:354)
	at org.testng.SuiteRunner.privateRun(SuiteRunner.java:312)
	at org.testng.SuiteRunner.run(SuiteRunner.java:261)
	at org.testng.SuiteRunnerWorker.runSuite(SuiteRunnerWorker.java:52)
	at org.testng.SuiteRunnerWorker.run(SuiteRunnerWorker.java:86)
	at org.testng.TestNG.runSuitesSequentially(TestNG.java:1215)
	at org.testng.TestNG.runSuitesLocally(TestNG.java:1140)
	at org.testng.TestNG.run(TestNG.java:1048)
	at org.testng.remote.AbstractRemoteTestNG.run(AbstractRemoteTestNG.java:126)
	at org.testng.remote.RemoteTestNG.initAndRun(RemoteTestNG.java:137)
	at org.testng.remote.RemoteTestNG.main(RemoteTestNG.java:58)
</pre></div></td>
<td>1</td>
<td>com.selenium.hybrid.testcases.MonthlyShoeDisplaysTest@7c16905e</td></tr>
<tr>
<td title='com.selenium.hybrid.testcases.MonthlyShoeDisplaysTest.testMonthlyShoeDisplays()'><b>testMonthlyShoeDisplays</b><br>Test class: com.selenium.hybrid.testcases.MonthlyShoeDisplaysTest<br>Parameters: {Month=August, Runmode=Y}</td>
<td><div><pre>java.lang.AssertionError: Fail to open the browser expected [true] but found [false]
	at com.selenium.hybrid.util.Keywords.executeKeywords(Keywords.java:144)
	at com.selenium.hybrid.testcases.MonthlyShoeDisplaysTest.testMonthlyShoeDisplays(MonthlyShoeDisplaysTest.java:44)
... Removed 27 stack frames</pre></div><a href='#' onClick='toggleBox("stack-trace2131597042", this, "Click to show all stack frames", "Click to hide stack frames")'>Click to show all stack frames</a>
<div class='stack-trace' id='stack-trace2131597042'><pre>java.lang.AssertionError: Fail to open the browser expected [true] but found [false]
	at org.testng.Assert.fail(Assert.java:94)
	at org.testng.Assert.failNotEquals(Assert.java:496)
	at org.testng.Assert.assertTrue(Assert.java:42)
	at com.selenium.hybrid.util.Keywords.executeKeywords(Keywords.java:144)
	at com.selenium.hybrid.testcases.MonthlyShoeDisplaysTest.testMonthlyShoeDisplays(MonthlyShoeDisplaysTest.java:44)
	at sun.reflect.NativeMethodAccessorImpl.invoke0(Native Method)
	at sun.reflect.NativeMethodAccessorImpl.invoke(Unknown Source)
	at sun.reflect.DelegatingMethodAccessorImpl.invoke(Unknown Source)
	at java.lang.reflect.Method.invoke(Unknown Source)
	at org.testng.internal.MethodInvocationHelper.invokeMethod(MethodInvocationHelper.java:85)
	at org.testng.internal.Invoker.invokeMethod(Invoker.java:639)
	at org.testng.internal.Invoker.invokeTestMethod(Invoker.java:816)
	at org.testng.internal.Invoker.invokeTestMethods(Invoker.java:1124)
	at org.testng.internal.TestMethodWorker.invokeTestMethods(TestMethodWorker.java:125)
	at org.testng.internal.TestMethodWorker.run(TestMethodWorker.java:108)
	at org.testng.TestRunner.privateRun(TestRunner.java:774)
	at org.testng.TestRunner.run(TestRunner.java:624)
	at org.testng.SuiteRunner.runTest(SuiteRunner.java:359)
	at org.testng.SuiteRunner.runSequentially(SuiteRunner.java:354)
	at org.testng.SuiteRunner.privateRun(SuiteRunner.java:312)
	at org.testng.SuiteRunner.run(SuiteRunner.java:261)
	at org.testng.SuiteRunnerWorker.runSuite(SuiteRunnerWorker.java:52)
	at org.testng.SuiteRunnerWorker.run(SuiteRunnerWorker.java:86)
	at org.testng.TestNG.runSuitesSequentially(TestNG.java:1215)
	at org.testng.TestNG.runSuitesLocally(TestNG.java:1140)
	at org.testng.TestNG.run(TestNG.java:1048)
	at org.testng.remote.AbstractRemoteTestNG.run(AbstractRemoteTestNG.java:126)
	at org.testng.remote.RemoteTestNG.initAndRun(RemoteTestNG.java:137)
	at org.testng.remote.RemoteTestNG.main(RemoteTestNG.java:58)
</pre></div></td>
<td>1</td>
<td>com.selenium.hybrid.testcases.MonthlyShoeDisplaysTest@7c16905e</td></tr>
<tr>
<td title='com.selenium.hybrid.testcases.MonthlyShoeDisplaysTest.testMonthlyShoeDisplays()'><b>testMonthlyShoeDisplays</b><br>Test class: com.selenium.hybrid.testcases.MonthlyShoeDisplaysTest<br>Parameters: {Month=September, Runmode=Y}</td>
<td><div><pre>java.lang.AssertionError: Fail to open the browser expected [true] but found [false]
	at com.selenium.hybrid.util.Keywords.executeKeywords(Keywords.java:144)
	at com.selenium.hybrid.testcases.MonthlyShoeDisplaysTest.testMonthlyShoeDisplays(MonthlyShoeDisplaysTest.java:44)
... Removed 27 stack frames</pre></div><a href='#' onClick='toggleBox("stack-trace1105628551", this, "Click to show all stack frames", "Click to hide stack frames")'>Click to show all stack frames</a>
<div class='stack-trace' id='stack-trace1105628551'><pre>java.lang.AssertionError: Fail to open the browser expected [true] but found [false]
	at org.testng.Assert.fail(Assert.java:94)
	at org.testng.Assert.failNotEquals(Assert.java:496)
	at org.testng.Assert.assertTrue(Assert.java:42)
	at com.selenium.hybrid.util.Keywords.executeKeywords(Keywords.java:144)
	at com.selenium.hybrid.testcases.MonthlyShoeDisplaysTest.testMonthlyShoeDisplays(MonthlyShoeDisplaysTest.java:44)
	at sun.reflect.NativeMethodAccessorImpl.invoke0(Native Method)
	at sun.reflect.NativeMethodAccessorImpl.invoke(Unknown Source)
	at sun.reflect.DelegatingMethodAccessorImpl.invoke(Unknown Source)
	at java.lang.reflect.Method.invoke(Unknown Source)
	at org.testng.internal.MethodInvocationHelper.invokeMethod(MethodInvocationHelper.java:85)
	at org.testng.internal.Invoker.invokeMethod(Invoker.java:639)
	at org.testng.internal.Invoker.invokeTestMethod(Invoker.java:816)
	at org.testng.internal.Invoker.invokeTestMethods(Invoker.java:1124)
	at org.testng.internal.TestMethodWorker.invokeTestMethods(TestMethodWorker.java:125)
	at org.testng.internal.TestMethodWorker.run(TestMethodWorker.java:108)
	at org.testng.TestRunner.privateRun(TestRunner.java:774)
	at org.testng.TestRunner.run(TestRunner.java:624)
	at org.testng.SuiteRunner.runTest(SuiteRunner.java:359)
	at org.testng.SuiteRunner.runSequentially(SuiteRunner.java:354)
	at org.testng.SuiteRunner.privateRun(SuiteRunner.java:312)
	at org.testng.SuiteRunner.run(SuiteRunner.java:261)
	at org.testng.SuiteRunnerWorker.runSuite(SuiteRunnerWorker.java:52)
	at org.testng.SuiteRunnerWorker.run(SuiteRunnerWorker.java:86)
	at org.testng.TestNG.runSuitesSequentially(TestNG.java:1215)
	at org.testng.TestNG.runSuitesLocally(TestNG.java:1140)
	at org.testng.TestNG.run(TestNG.java:1048)
	at org.testng.remote.AbstractRemoteTestNG.run(AbstractRemoteTestNG.java:126)
	at org.testng.remote.RemoteTestNG.initAndRun(RemoteTestNG.java:137)
	at org.testng.remote.RemoteTestNG.main(RemoteTestNG.java:58)
</pre></div></td>
<td>1</td>
<td>com.selenium.hybrid.testcases.MonthlyShoeDisplaysTest@7c16905e</td></tr>
<tr>
<td title='com.selenium.hybrid.testcases.MonthlyShoeDisplaysTest.testMonthlyShoeDisplays()'><b>testMonthlyShoeDisplays</b><br>Test class: com.selenium.hybrid.testcases.MonthlyShoeDisplaysTest<br>Parameters: {Month=October, Runmode=Y}</td>
<td><div><pre>java.lang.AssertionError: Fail to open the browser expected [true] but found [false]
	at com.selenium.hybrid.util.Keywords.executeKeywords(Keywords.java:144)
	at com.selenium.hybrid.testcases.MonthlyShoeDisplaysTest.testMonthlyShoeDisplays(MonthlyShoeDisplaysTest.java:44)
... Removed 27 stack frames</pre></div><a href='#' onClick='toggleBox("stack-trace1997548433", this, "Click to show all stack frames", "Click to hide stack frames")'>Click to show all stack frames</a>
<div class='stack-trace' id='stack-trace1997548433'><pre>java.lang.AssertionError: Fail to open the browser expected [true] but found [false]
	at org.testng.Assert.fail(Assert.java:94)
	at org.testng.Assert.failNotEquals(Assert.java:496)
	at org.testng.Assert.assertTrue(Assert.java:42)
	at com.selenium.hybrid.util.Keywords.executeKeywords(Keywords.java:144)
	at com.selenium.hybrid.testcases.MonthlyShoeDisplaysTest.testMonthlyShoeDisplays(MonthlyShoeDisplaysTest.java:44)
	at sun.reflect.NativeMethodAccessorImpl.invoke0(Native Method)
	at sun.reflect.NativeMethodAccessorImpl.invoke(Unknown Source)
	at sun.reflect.DelegatingMethodAccessorImpl.invoke(Unknown Source)
	at java.lang.reflect.Method.invoke(Unknown Source)
	at org.testng.internal.MethodInvocationHelper.invokeMethod(MethodInvocationHelper.java:85)
	at org.testng.internal.Invoker.invokeMethod(Invoker.java:639)
	at org.testng.internal.Invoker.invokeTestMethod(Invoker.java:816)
	at org.testng.internal.Invoker.invokeTestMethods(Invoker.java:1124)
	at org.testng.internal.TestMethodWorker.invokeTestMethods(TestMethodWorker.java:125)
	at org.testng.internal.TestMethodWorker.run(TestMethodWorker.java:108)
	at org.testng.TestRunner.privateRun(TestRunner.java:774)
	at org.testng.TestRunner.run(TestRunner.java:624)
	at org.testng.SuiteRunner.runTest(SuiteRunner.java:359)
	at org.testng.SuiteRunner.runSequentially(SuiteRunner.java:354)
	at org.testng.SuiteRunner.privateRun(SuiteRunner.java:312)
	at org.testng.SuiteRunner.run(SuiteRunner.java:261)
	at org.testng.SuiteRunnerWorker.runSuite(SuiteRunnerWorker.java:52)
	at org.testng.SuiteRunnerWorker.run(SuiteRunnerWorker.java:86)
	at org.testng.TestNG.runSuitesSequentially(TestNG.java:1215)
	at org.testng.TestNG.runSuitesLocally(TestNG.java:1140)
	at org.testng.TestNG.run(TestNG.java:1048)
	at org.testng.remote.AbstractRemoteTestNG.run(AbstractRemoteTestNG.java:126)
	at org.testng.remote.RemoteTestNG.initAndRun(RemoteTestNG.java:137)
	at org.testng.remote.RemoteTestNG.main(RemoteTestNG.java:58)
</pre></div></td>
<td>1</td>
<td>com.selenium.hybrid.testcases.MonthlyShoeDisplaysTest@7c16905e</td></tr>
<tr>
<td title='com.selenium.hybrid.testcases.MonthlyShoeDisplaysTest.testMonthlyShoeDisplays()'><b>testMonthlyShoeDisplays</b><br>Test class: com.selenium.hybrid.testcases.MonthlyShoeDisplaysTest<br>Parameters: {Month=November, Runmode=Y}</td>
<td><div><pre>java.lang.AssertionError: Fail to open the browser expected [true] but found [false]
	at com.selenium.hybrid.util.Keywords.executeKeywords(Keywords.java:144)
	at com.selenium.hybrid.testcases.MonthlyShoeDisplaysTest.testMonthlyShoeDisplays(MonthlyShoeDisplaysTest.java:44)
... Removed 27 stack frames</pre></div><a href='#' onClick='toggleBox("stack-trace1932597611", this, "Click to show all stack frames", "Click to hide stack frames")'>Click to show all stack frames</a>
<div class='stack-trace' id='stack-trace1932597611'><pre>java.lang.AssertionError: Fail to open the browser expected [true] but found [false]
	at org.testng.Assert.fail(Assert.java:94)
	at org.testng.Assert.failNotEquals(Assert.java:496)
	at org.testng.Assert.assertTrue(Assert.java:42)
	at com.selenium.hybrid.util.Keywords.executeKeywords(Keywords.java:144)
	at com.selenium.hybrid.testcases.MonthlyShoeDisplaysTest.testMonthlyShoeDisplays(MonthlyShoeDisplaysTest.java:44)
	at sun.reflect.NativeMethodAccessorImpl.invoke0(Native Method)
	at sun.reflect.NativeMethodAccessorImpl.invoke(Unknown Source)
	at sun.reflect.DelegatingMethodAccessorImpl.invoke(Unknown Source)
	at java.lang.reflect.Method.invoke(Unknown Source)
	at org.testng.internal.MethodInvocationHelper.invokeMethod(MethodInvocationHelper.java:85)
	at org.testng.internal.Invoker.invokeMethod(Invoker.java:639)
	at org.testng.internal.Invoker.invokeTestMethod(Invoker.java:816)
	at org.testng.internal.Invoker.invokeTestMethods(Invoker.java:1124)
	at org.testng.internal.TestMethodWorker.invokeTestMethods(TestMethodWorker.java:125)
	at org.testng.internal.TestMethodWorker.run(TestMethodWorker.java:108)
	at org.testng.TestRunner.privateRun(TestRunner.java:774)
	at org.testng.TestRunner.run(TestRunner.java:624)
	at org.testng.SuiteRunner.runTest(SuiteRunner.java:359)
	at org.testng.SuiteRunner.runSequentially(SuiteRunner.java:354)
	at org.testng.SuiteRunner.privateRun(SuiteRunner.java:312)
	at org.testng.SuiteRunner.run(SuiteRunner.java:261)
	at org.testng.SuiteRunnerWorker.runSuite(SuiteRunnerWorker.java:52)
	at org.testng.SuiteRunnerWorker.run(SuiteRunnerWorker.java:86)
	at org.testng.TestNG.runSuitesSequentially(TestNG.java:1215)
	at org.testng.TestNG.runSuitesLocally(TestNG.java:1140)
	at org.testng.TestNG.run(TestNG.java:1048)
	at org.testng.remote.AbstractRemoteTestNG.run(AbstractRemoteTestNG.java:126)
	at org.testng.remote.RemoteTestNG.initAndRun(RemoteTestNG.java:137)
	at org.testng.remote.RemoteTestNG.main(RemoteTestNG.java:58)
</pre></div></td>
<td>2</td>
<td>com.selenium.hybrid.testcases.MonthlyShoeDisplaysTest@7c16905e</td></tr>
<tr>
<td title='com.selenium.hybrid.testcases.MonthlyShoeDisplaysTest.testMonthlyShoeDisplays()'><b>testMonthlyShoeDisplays</b><br>Test class: com.selenium.hybrid.testcases.MonthlyShoeDisplaysTest<br>Parameters: {Month=December, Runmode=Y}</td>
<td><div><pre>java.lang.AssertionError: Fail to open the browser expected [true] but found [false]
	at com.selenium.hybrid.util.Keywords.executeKeywords(Keywords.java:144)
	at com.selenium.hybrid.testcases.MonthlyShoeDisplaysTest.testMonthlyShoeDisplays(MonthlyShoeDisplaysTest.java:44)
... Removed 27 stack frames</pre></div><a href='#' onClick='toggleBox("stack-trace735085430", this, "Click to show all stack frames", "Click to hide stack frames")'>Click to show all stack frames</a>
<div class='stack-trace' id='stack-trace735085430'><pre>java.lang.AssertionError: Fail to open the browser expected [true] but found [false]
	at org.testng.Assert.fail(Assert.java:94)
	at org.testng.Assert.failNotEquals(Assert.java:496)
	at org.testng.Assert.assertTrue(Assert.java:42)
	at com.selenium.hybrid.util.Keywords.executeKeywords(Keywords.java:144)
	at com.selenium.hybrid.testcases.MonthlyShoeDisplaysTest.testMonthlyShoeDisplays(MonthlyShoeDisplaysTest.java:44)
	at sun.reflect.NativeMethodAccessorImpl.invoke0(Native Method)
	at sun.reflect.NativeMethodAccessorImpl.invoke(Unknown Source)
	at sun.reflect.DelegatingMethodAccessorImpl.invoke(Unknown Source)
	at java.lang.reflect.Method.invoke(Unknown Source)
	at org.testng.internal.MethodInvocationHelper.invokeMethod(MethodInvocationHelper.java:85)
	at org.testng.internal.Invoker.invokeMethod(Invoker.java:639)
	at org.testng.internal.Invoker.invokeTestMethod(Invoker.java:816)
	at org.testng.internal.Invoker.invokeTestMethods(Invoker.java:1124)
	at org.testng.internal.TestMethodWorker.invokeTestMethods(TestMethodWorker.java:125)
	at org.testng.internal.TestMethodWorker.run(TestMethodWorker.java:108)
	at org.testng.TestRunner.privateRun(TestRunner.java:774)
	at org.testng.TestRunner.run(TestRunner.java:624)
	at org.testng.SuiteRunner.runTest(SuiteRunner.java:359)
	at org.testng.SuiteRunner.runSequentially(SuiteRunner.java:354)
	at org.testng.SuiteRunner.privateRun(SuiteRunner.java:312)
	at org.testng.SuiteRunner.run(SuiteRunner.java:261)
	at org.testng.SuiteRunnerWorker.runSuite(SuiteRunnerWorker.java:52)
	at org.testng.SuiteRunnerWorker.run(SuiteRunnerWorker.java:86)
	at org.testng.TestNG.runSuitesSequentially(TestNG.java:1215)
	at org.testng.TestNG.runSuitesLocally(TestNG.java:1140)
	at org.testng.TestNG.run(TestNG.java:1048)
	at org.testng.remote.AbstractRemoteTestNG.run(AbstractRemoteTestNG.java:126)
	at org.testng.remote.RemoteTestNG.initAndRun(RemoteTestNG.java:137)
	at org.testng.remote.RemoteTestNG.main(RemoteTestNG.java:58)
</pre></div></td>
<td>1</td>
<td>com.selenium.hybrid.testcases.MonthlyShoeDisplaysTest@7c16905e</td></tr>
<tr>
<td title='com.selenium.hybrid.testcases.MonthlyShoeDisplaysTest.testMonthlyShoeDisplays()'><b>testMonthlyShoeDisplays</b><br>Test class: com.selenium.hybrid.testcases.MonthlyShoeDisplaysTest<br>Parameters: {Month=All Shoes, Runmode=Y}</td>
<td><div><pre>java.lang.AssertionError: Fail to open the browser expected [true] but found [false]
	at com.selenium.hybrid.util.Keywords.executeKeywords(Keywords.java:144)
	at com.selenium.hybrid.testcases.MonthlyShoeDisplaysTest.testMonthlyShoeDisplays(MonthlyShoeDisplaysTest.java:44)
... Removed 27 stack frames</pre></div><a href='#' onClick='toggleBox("stack-trace1262548561", this, "Click to show all stack frames", "Click to hide stack frames")'>Click to show all stack frames</a>
<div class='stack-trace' id='stack-trace1262548561'><pre>java.lang.AssertionError: Fail to open the browser expected [true] but found [false]
	at org.testng.Assert.fail(Assert.java:94)
	at org.testng.Assert.failNotEquals(Assert.java:496)
	at org.testng.Assert.assertTrue(Assert.java:42)
	at com.selenium.hybrid.util.Keywords.executeKeywords(Keywords.java:144)
	at com.selenium.hybrid.testcases.MonthlyShoeDisplaysTest.testMonthlyShoeDisplays(MonthlyShoeDisplaysTest.java:44)
	at sun.reflect.NativeMethodAccessorImpl.invoke0(Native Method)
	at sun.reflect.NativeMethodAccessorImpl.invoke(Unknown Source)
	at sun.reflect.DelegatingMethodAccessorImpl.invoke(Unknown Source)
	at java.lang.reflect.Method.invoke(Unknown Source)
	at org.testng.internal.MethodInvocationHelper.invokeMethod(MethodInvocationHelper.java:85)
	at org.testng.internal.Invoker.invokeMethod(Invoker.java:639)
	at org.testng.internal.Invoker.invokeTestMethod(Invoker.java:816)
	at org.testng.internal.Invoker.invokeTestMethods(Invoker.java:1124)
	at org.testng.internal.TestMethodWorker.invokeTestMethods(TestMethodWorker.java:125)
	at org.testng.internal.TestMethodWorker.run(TestMethodWorker.java:108)
	at org.testng.TestRunner.privateRun(TestRunner.java:774)
	at org.testng.TestRunner.run(TestRunner.java:624)
	at org.testng.SuiteRunner.runTest(SuiteRunner.java:359)
	at org.testng.SuiteRunner.runSequentially(SuiteRunner.java:354)
	at org.testng.SuiteRunner.privateRun(SuiteRunner.java:312)
	at org.testng.SuiteRunner.run(SuiteRunner.java:261)
	at org.testng.SuiteRunnerWorker.runSuite(SuiteRunnerWorker.java:52)
	at org.testng.SuiteRunnerWorker.run(SuiteRunnerWorker.java:86)
	at org.testng.TestNG.runSuitesSequentially(TestNG.java:1215)
	at org.testng.TestNG.runSuitesLocally(TestNG.java:1140)
	at org.testng.TestNG.run(TestNG.java:1048)
	at org.testng.remote.AbstractRemoteTestNG.run(AbstractRemoteTestNG.java:126)
	at org.testng.remote.RemoteTestNG.initAndRun(RemoteTestNG.java:137)
	at org.testng.remote.RemoteTestNG.main(RemoteTestNG.java:58)
</pre></div></td>
<td>2</td>
<td>com.selenium.hybrid.testcases.MonthlyShoeDisplaysTest@7c16905e</td></tr>
</table><p>
</body>
</html>