<?xml version="1.0" encoding="UTF-8"?>
<!-- Generated by org.testng.reporters.JUnitXMLReporter -->
<testsuite hostname="WINDOWS-5FHOE7R" name="MonthlyShoeDisplaysTest_Chrome" tests="13" failures="2" timestamp="8 May 2016 21:48:33 GMT" time="44.221" errors="0">
  <testcase name="testMonthlyShoeDisplays" time="12.511" classname="com.selenium.hybrid.testcases.MonthlyShoeDisplaysTest"/>
  <testcase name="testMonthlyShoeDisplays" time="3.839" classname="com.selenium.hybrid.testcases.MonthlyShoeDisplaysTest"/>
  <testcase name="testMonthlyShoeDisplays" time="2.533" classname="com.selenium.hybrid.testcases.MonthlyShoeDisplaysTest"/>
  <testcase name="testMonthlyShoeDisplays" time="2.437" classname="com.selenium.hybrid.testcases.MonthlyShoeDisplaysTest"/>
  <testcase name="testMonthlyShoeDisplays" time="1.69" classname="com.selenium.hybrid.testcases.MonthlyShoeDisplaysTest"/>
  <testcase name="testMonthlyShoeDisplays" time="1.547" classname="com.selenium.hybrid.testcases.MonthlyShoeDisplaysTest"/>
  <testcase name="testMonthlyShoeDisplays" time="2.0" classname="com.selenium.hybrid.testcases.MonthlyShoeDisplaysTest"/>
  <testcase name="testMonthlyShoeDisplays" time="1.56" classname="com.selenium.hybrid.testcases.MonthlyShoeDisplaysTest"/>
  <testcase name="testMonthlyShoeDisplays" time="1.553" classname="com.selenium.hybrid.testcases.MonthlyShoeDisplaysTest"/>
  <testcase name="testMonthlyShoeDisplays" time="1.569" classname="com.selenium.hybrid.testcases.MonthlyShoeDisplaysTest"/>
  <testcase name="testMonthlyShoeDisplays" time="1.47" classname="com.selenium.hybrid.testcases.MonthlyShoeDisplaysTest">
    <failure type="java.lang.AssertionError" message="Fail -Image src is null.No Image to display.
 expected [true] but found [false]">
      <![CDATA[java.lang.AssertionError: Fail -Image src is null.No Image to display.
 expected [true] but found [false]
	at com.selenium.hybrid.util.Keywords.executeKeywords(Keywords.java:143)
	at com.selenium.hybrid.testcases.MonthlyShoeDisplaysTest.testMonthlyShoeDisplays(MonthlyShoeDisplaysTest.java:45)
	at java.util.concurrent.FutureTask.run(Unknown Source)
	at java.util.concurrent.ThreadPoolExecutor.runWorker(Unknown Source)
	at java.util.concurrent.ThreadPoolExecutor$Worker.run(Unknown Source)
	at java.lang.Thread.run(Unknown Source)
... Removed 18 stack frames]]>
    </failure>
  </testcase> <!-- testMonthlyShoeDisplays -->
  <testcase name="testMonthlyShoeDisplays" time="1.011" classname="com.selenium.hybrid.testcases.MonthlyShoeDisplaysTest"/>
  <testcase name="testMonthlyShoeDisplays" time="5.039" classname="com.selenium.hybrid.testcases.MonthlyShoeDisplaysTest">
    <failure type="java.lang.AssertionError" message="Fail -Image src is null.No Image to display.
 expected [true] but found [false]">
      <![CDATA[java.lang.AssertionError: Fail -Image src is null.No Image to display.
 expected [true] but found [false]
	at com.selenium.hybrid.util.Keywords.executeKeywords(Keywords.java:143)
	at com.selenium.hybrid.testcases.MonthlyShoeDisplaysTest.testMonthlyShoeDisplays(MonthlyShoeDisplaysTest.java:45)
	at java.util.concurrent.FutureTask.run(Unknown Source)
	at java.util.concurrent.ThreadPoolExecutor.runWorker(Unknown Source)
	at java.util.concurrent.ThreadPoolExecutor$Worker.run(Unknown Source)
	at java.lang.Thread.run(Unknown Source)
... Removed 18 stack frames]]>
    </failure>
  </testcase> <!-- testMonthlyShoeDisplays -->
</testsuite> <!-- MonthlyShoeDisplaysTest_Chrome -->
