<?xml version="1.0" encoding="UTF-8"?>
<!-- Generated by org.testng.reporters.JUnitXMLReporter -->
<testsuite hostname="WINDOWS-5FHOE7R" name="MonthlyShoeDisplaysTest_Edge" tests="13" failures="13" timestamp="8 May 2016 23:58:41 GMT" time="4.126" errors="0">
  <testcase name="testMonthlyShoeDisplays" time="0.002" classname="com.selenium.hybrid.testcases.MonthlyShoeDisplaysTest">
    <failure type="java.lang.AssertionError" message="Fail-Error opening Remote Browser expected [true] but found [false]">
      <![CDATA[java.lang.AssertionError: Fail-Error opening Remote Browser expected [true] but found [false]
	at com.selenium.hybrid.testcases.MonthlyShoeDisplaysTest.testMonthlyShoeDisplays(MonthlyShoeDisplaysTest.java:47)
	at java.util.concurrent.FutureTask.run(Unknown Source)
	at java.util.concurrent.ThreadPoolExecutor.runWorker(Unknown Source)
	at java.util.concurrent.ThreadPoolExecutor$Worker.run(Unknown Source)
	at java.lang.Thread.run(Unknown Source)
... Removed 19 stack frames]]>
    </failure>
  </testcase> <!-- testMonthlyShoeDisplays -->
  <testcase name="testMonthlyShoeDisplays" time="0.001" classname="com.selenium.hybrid.testcases.MonthlyShoeDisplaysTest">
    <failure type="java.lang.AssertionError" message="Fail-Error opening Remote Browser expected [true] but found [false]">
      <![CDATA[java.lang.AssertionError: Fail-Error opening Remote Browser expected [true] but found [false]
	at com.selenium.hybrid.testcases.MonthlyShoeDisplaysTest.testMonthlyShoeDisplays(MonthlyShoeDisplaysTest.java:47)
	at java.util.concurrent.FutureTask.run(Unknown Source)
	at java.util.concurrent.ThreadPoolExecutor.runWorker(Unknown Source)
	at java.util.concurrent.ThreadPoolExecutor$Worker.run(Unknown Source)
	at java.lang.Thread.run(Unknown Source)
... Removed 19 stack frames]]>
    </failure>
  </testcase> <!-- testMonthlyShoeDisplays -->
  <testcase name="testMonthlyShoeDisplays" time="0.001" classname="com.selenium.hybrid.testcases.MonthlyShoeDisplaysTest">
    <failure type="java.lang.AssertionError" message="Fail-Error opening Remote Browser expected [true] but found [false]">
      <![CDATA[java.lang.AssertionError: Fail-Error opening Remote Browser expected [true] but found [false]
	at com.selenium.hybrid.testcases.MonthlyShoeDisplaysTest.testMonthlyShoeDisplays(MonthlyShoeDisplaysTest.java:47)
	at java.util.concurrent.FutureTask.run(Unknown Source)
	at java.util.concurrent.ThreadPoolExecutor.runWorker(Unknown Source)
	at java.util.concurrent.ThreadPoolExecutor$Worker.run(Unknown Source)
	at java.lang.Thread.run(Unknown Source)
... Removed 19 stack frames]]>
    </failure>
  </testcase> <!-- testMonthlyShoeDisplays -->
  <testcase name="testMonthlyShoeDisplays" time="0.003" classname="com.selenium.hybrid.testcases.MonthlyShoeDisplaysTest">
    <failure type="java.lang.AssertionError" message="Fail-Error opening Remote Browser expected [true] but found [false]">
      <![CDATA[java.lang.AssertionError: Fail-Error opening Remote Browser expected [true] but found [false]
	at com.selenium.hybrid.testcases.MonthlyShoeDisplaysTest.testMonthlyShoeDisplays(MonthlyShoeDisplaysTest.java:47)
	at java.util.concurrent.FutureTask.run(Unknown Source)
	at java.util.concurrent.ThreadPoolExecutor.runWorker(Unknown Source)
	at java.util.concurrent.ThreadPoolExecutor$Worker.run(Unknown Source)
	at java.lang.Thread.run(Unknown Source)
... Removed 19 stack frames]]>
    </failure>
  </testcase> <!-- testMonthlyShoeDisplays -->
  <testcase name="testMonthlyShoeDisplays" time="0.001" classname="com.selenium.hybrid.testcases.MonthlyShoeDisplaysTest">
    <failure type="java.lang.AssertionError" message="Fail-Error opening Remote Browser expected [true] but found [false]">
      <![CDATA[java.lang.AssertionError: Fail-Error opening Remote Browser expected [true] but found [false]
	at com.selenium.hybrid.testcases.MonthlyShoeDisplaysTest.testMonthlyShoeDisplays(MonthlyShoeDisplaysTest.java:47)
	at java.util.concurrent.FutureTask.run(Unknown Source)
	at java.util.concurrent.ThreadPoolExecutor.runWorker(Unknown Source)
	at java.util.concurrent.ThreadPoolExecutor$Worker.run(Unknown Source)
	at java.lang.Thread.run(Unknown Source)
... Removed 19 stack frames]]>
    </failure>
  </testcase> <!-- testMonthlyShoeDisplays -->
  <testcase name="testMonthlyShoeDisplays" time="0.002" classname="com.selenium.hybrid.testcases.MonthlyShoeDisplaysTest">
    <failure type="java.lang.AssertionError" message="Fail-Error opening Remote Browser expected [true] but found [false]">
      <![CDATA[java.lang.AssertionError: Fail-Error opening Remote Browser expected [true] but found [false]
	at com.selenium.hybrid.testcases.MonthlyShoeDisplaysTest.testMonthlyShoeDisplays(MonthlyShoeDisplaysTest.java:47)
	at java.util.concurrent.FutureTask.run(Unknown Source)
	at java.util.concurrent.ThreadPoolExecutor.runWorker(Unknown Source)
	at java.util.concurrent.ThreadPoolExecutor$Worker.run(Unknown Source)
	at java.lang.Thread.run(Unknown Source)
... Removed 19 stack frames]]>
    </failure>
  </testcase> <!-- testMonthlyShoeDisplays -->
  <testcase name="testMonthlyShoeDisplays" time="0.004" classname="com.selenium.hybrid.testcases.MonthlyShoeDisplaysTest">
    <failure type="java.lang.AssertionError" message="Fail-Error opening Remote Browser expected [true] but found [false]">
      <![CDATA[java.lang.AssertionError: Fail-Error opening Remote Browser expected [true] but found [false]
	at com.selenium.hybrid.testcases.MonthlyShoeDisplaysTest.testMonthlyShoeDisplays(MonthlyShoeDisplaysTest.java:47)
	at java.util.concurrent.FutureTask.run(Unknown Source)
	at java.util.concurrent.ThreadPoolExecutor.runWorker(Unknown Source)
	at java.util.concurrent.ThreadPoolExecutor$Worker.run(Unknown Source)
	at java.lang.Thread.run(Unknown Source)
... Removed 19 stack frames]]>
    </failure>
  </testcase> <!-- testMonthlyShoeDisplays -->
  <testcase name="testMonthlyShoeDisplays" time="0.001" classname="com.selenium.hybrid.testcases.MonthlyShoeDisplaysTest">
    <failure type="java.lang.AssertionError" message="Fail-Error opening Remote Browser expected [true] but found [false]">
      <![CDATA[java.lang.AssertionError: Fail-Error opening Remote Browser expected [true] but found [false]
	at com.selenium.hybrid.testcases.MonthlyShoeDisplaysTest.testMonthlyShoeDisplays(MonthlyShoeDisplaysTest.java:47)
	at java.util.concurrent.FutureTask.run(Unknown Source)
	at java.util.concurrent.ThreadPoolExecutor.runWorker(Unknown Source)
	at java.util.concurrent.ThreadPoolExecutor$Worker.run(Unknown Source)
	at java.lang.Thread.run(Unknown Source)
... Removed 19 stack frames]]>
    </failure>
  </testcase> <!-- testMonthlyShoeDisplays -->
  <testcase name="testMonthlyShoeDisplays" time="0.0" classname="com.selenium.hybrid.testcases.MonthlyShoeDisplaysTest">
    <failure type="java.lang.AssertionError" message="Fail-Error opening Remote Browser expected [true] but found [false]">
      <![CDATA[java.lang.AssertionError: Fail-Error opening Remote Browser expected [true] but found [false]
	at com.selenium.hybrid.testcases.MonthlyShoeDisplaysTest.testMonthlyShoeDisplays(MonthlyShoeDisplaysTest.java:47)
	at java.util.concurrent.FutureTask.run(Unknown Source)
	at java.util.concurrent.ThreadPoolExecutor.runWorker(Unknown Source)
	at java.util.concurrent.ThreadPoolExecutor$Worker.run(Unknown Source)
	at java.lang.Thread.run(Unknown Source)
... Removed 19 stack frames]]>
    </failure>
  </testcase> <!-- testMonthlyShoeDisplays -->
  <testcase name="testMonthlyShoeDisplays" time="0.001" classname="com.selenium.hybrid.testcases.MonthlyShoeDisplaysTest">
    <failure type="java.lang.AssertionError" message="Fail-Error opening Remote Browser expected [true] but found [false]">
      <![CDATA[java.lang.AssertionError: Fail-Error opening Remote Browser expected [true] but found [false]
	at com.selenium.hybrid.testcases.MonthlyShoeDisplaysTest.testMonthlyShoeDisplays(MonthlyShoeDisplaysTest.java:47)
	at java.util.concurrent.FutureTask.run(Unknown Source)
	at java.util.concurrent.ThreadPoolExecutor.runWorker(Unknown Source)
	at java.util.concurrent.ThreadPoolExecutor$Worker.run(Unknown Source)
	at java.lang.Thread.run(Unknown Source)
... Removed 19 stack frames]]>
    </failure>
  </testcase> <!-- testMonthlyShoeDisplays -->
  <testcase name="testMonthlyShoeDisplays" time="0.0" classname="com.selenium.hybrid.testcases.MonthlyShoeDisplaysTest">
    <failure type="java.lang.AssertionError" message="Fail-Error opening Remote Browser expected [true] but found [false]">
      <![CDATA[java.lang.AssertionError: Fail-Error opening Remote Browser expected [true] but found [false]
	at com.selenium.hybrid.testcases.MonthlyShoeDisplaysTest.testMonthlyShoeDisplays(MonthlyShoeDisplaysTest.java:47)
	at java.util.concurrent.FutureTask.run(Unknown Source)
	at java.util.concurrent.ThreadPoolExecutor.runWorker(Unknown Source)
	at java.util.concurrent.ThreadPoolExecutor$Worker.run(Unknown Source)
	at java.lang.Thread.run(Unknown Source)
... Removed 19 stack frames]]>
    </failure>
  </testcase> <!-- testMonthlyShoeDisplays -->
  <testcase name="testMonthlyShoeDisplays" time="0.001" classname="com.selenium.hybrid.testcases.MonthlyShoeDisplaysTest">
    <failure type="java.lang.AssertionError" message="Fail-Error opening Remote Browser expected [true] but found [false]">
      <![CDATA[java.lang.AssertionError: Fail-Error opening Remote Browser expected [true] but found [false]
	at com.selenium.hybrid.testcases.MonthlyShoeDisplaysTest.testMonthlyShoeDisplays(MonthlyShoeDisplaysTest.java:47)
	at java.util.concurrent.FutureTask.run(Unknown Source)
	at java.util.concurrent.ThreadPoolExecutor.runWorker(Unknown Source)
	at java.util.concurrent.ThreadPoolExecutor$Worker.run(Unknown Source)
	at java.lang.Thread.run(Unknown Source)
... Removed 19 stack frames]]>
    </failure>
  </testcase> <!-- testMonthlyShoeDisplays -->
  <testcase name="testMonthlyShoeDisplays" time="0.001" classname="com.selenium.hybrid.testcases.MonthlyShoeDisplaysTest">
    <failure type="java.lang.AssertionError" message="Fail-Error opening Remote Browser expected [true] but found [false]">
      <![CDATA[java.lang.AssertionError: Fail-Error opening Remote Browser expected [true] but found [false]
	at com.selenium.hybrid.testcases.MonthlyShoeDisplaysTest.testMonthlyShoeDisplays(MonthlyShoeDisplaysTest.java:47)
	at java.util.concurrent.FutureTask.run(Unknown Source)
	at java.util.concurrent.ThreadPoolExecutor.runWorker(Unknown Source)
	at java.util.concurrent.ThreadPoolExecutor$Worker.run(Unknown Source)
	at java.lang.Thread.run(Unknown Source)
... Removed 19 stack frames]]>
    </failure>
  </testcase> <!-- testMonthlyShoeDisplays -->
</testsuite> <!-- MonthlyShoeDisplaysTest_Edge -->
