<?xml version="1.0" encoding="UTF-8"?>
<!-- Generated by org.testng.reporters.JUnitXMLReporter -->
<testsuite hostname="WINDOWS-5FHOE7R" name="MonthlyShoeDisplaysTest_IE" tests="13" failures="2" timestamp="8 May 2016 21:54:44 GMT" time="414.85" errors="0">
  <testcase name="testMonthlyShoeDisplays" time="20.017" classname="com.selenium.hybrid.testcases.MonthlyShoeDisplaysTest"/>
  <testcase name="testMonthlyShoeDisplays" time="33.945" classname="com.selenium.hybrid.testcases.MonthlyShoeDisplaysTest"/>
  <testcase name="testMonthlyShoeDisplays" time="33.747" classname="com.selenium.hybrid.testcases.MonthlyShoeDisplaysTest"/>
  <testcase name="testMonthlyShoeDisplays" time="33.946" classname="com.selenium.hybrid.testcases.MonthlyShoeDisplaysTest"/>
  <testcase name="testMonthlyShoeDisplays" time="14.996" classname="com.selenium.hybrid.testcases.MonthlyShoeDisplaysTest"/>
  <testcase name="testMonthlyShoeDisplays" time="34.017" classname="com.selenium.hybrid.testcases.MonthlyShoeDisplaysTest"/>
  <testcase name="testMonthlyShoeDisplays" time="33.731" classname="com.selenium.hybrid.testcases.MonthlyShoeDisplaysTest"/>
  <testcase name="testMonthlyShoeDisplays" time="33.685" classname="com.selenium.hybrid.testcases.MonthlyShoeDisplaysTest"/>
  <testcase name="testMonthlyShoeDisplays" time="3.067" classname="com.selenium.hybrid.testcases.MonthlyShoeDisplaysTest"/>
  <testcase name="testMonthlyShoeDisplays" time="4.246" classname="com.selenium.hybrid.testcases.MonthlyShoeDisplaysTest"/>
  <testcase name="testMonthlyShoeDisplays" time="22.921" classname="com.selenium.hybrid.testcases.MonthlyShoeDisplaysTest">
    <failure type="java.lang.AssertionError" message="Fail -Image src is null.No Image to display.
 expected [true] but found [false]">
      <![CDATA[java.lang.AssertionError: Fail -Image src is null.No Image to display.
 expected [true] but found [false]
	at com.selenium.hybrid.util.Keywords.executeKeywords(Keywords.java:143)
	at com.selenium.hybrid.testcases.MonthlyShoeDisplaysTest.testMonthlyShoeDisplays(MonthlyShoeDisplaysTest.java:45)
	at java.util.concurrent.FutureTask.run(Unknown Source)
	at java.util.concurrent.ThreadPoolExecutor.runWorker(Unknown Source)
	at java.util.concurrent.ThreadPoolExecutor$Worker.run(Unknown Source)
	at java.lang.Thread.run(Unknown Source)
... Removed 18 stack frames]]>
    </failure>
  </testcase> <!-- testMonthlyShoeDisplays -->
  <testcase name="testMonthlyShoeDisplays" time="1.687" classname="com.selenium.hybrid.testcases.MonthlyShoeDisplaysTest"/>
  <testcase name="testMonthlyShoeDisplays" time="139.954" classname="com.selenium.hybrid.testcases.MonthlyShoeDisplaysTest">
    <failure type="java.lang.AssertionError" message="Fail -Image src is null.No Image to display.
 expected [true] but found [false]">
      <![CDATA[java.lang.AssertionError: Fail -Image src is null.No Image to display.
 expected [true] but found [false]
	at com.selenium.hybrid.util.Keywords.executeKeywords(Keywords.java:143)
	at com.selenium.hybrid.testcases.MonthlyShoeDisplaysTest.testMonthlyShoeDisplays(MonthlyShoeDisplaysTest.java:45)
	at java.util.concurrent.FutureTask.run(Unknown Source)
	at java.util.concurrent.ThreadPoolExecutor.runWorker(Unknown Source)
	at java.util.concurrent.ThreadPoolExecutor$Worker.run(Unknown Source)
	at java.lang.Thread.run(Unknown Source)
... Removed 18 stack frames]]>
    </failure>
  </testcase> <!-- testMonthlyShoeDisplays -->
</testsuite> <!-- MonthlyShoeDisplaysTest_IE -->
