<?xml version="1.0" encoding="UTF-8"?>
<!-- Generated by org.testng.reporters.JUnitXMLReporter -->
<testsuite hostname="WINDOWS-5FHOE7R" name="MonthlyShoeDisplaysTest" tests="13" failures="13" timestamp="9 May 2016 00:23:04 GMT" time="27.262" errors="0">
  <testcase name="testMonthlyShoeDisplays" time="2.665" classname="com.selenium.hybrid.testcases.MonthlyShoeDisplaysTest">
    <failure type="java.lang.AssertionError" message="Fail to open the browser expected [true] but found [false]">
      <![CDATA[java.lang.AssertionError: Fail to open the browser expected [true] but found [false]
	at com.selenium.hybrid.util.Keywords.executeKeywords(Keywords.java:144)
	at com.selenium.hybrid.testcases.MonthlyShoeDisplaysTest.testMonthlyShoeDisplays(MonthlyShoeDisplaysTest.java:44)
... Removed 27 stack frames]]>
    </failure>
  </testcase> <!-- testMonthlyShoeDisplays -->
  <testcase name="testMonthlyShoeDisplays" time="2.024" classname="com.selenium.hybrid.testcases.MonthlyShoeDisplaysTest">
    <failure type="java.lang.AssertionError" message="Fail to open the browser expected [true] but found [false]">
      <![CDATA[java.lang.AssertionError: Fail to open the browser expected [true] but found [false]
	at com.selenium.hybrid.util.Keywords.executeKeywords(Keywords.java:144)
	at com.selenium.hybrid.testcases.MonthlyShoeDisplaysTest.testMonthlyShoeDisplays(MonthlyShoeDisplaysTest.java:44)
... Removed 27 stack frames]]>
    </failure>
  </testcase> <!-- testMonthlyShoeDisplays -->
  <testcase name="testMonthlyShoeDisplays" time="2.055" classname="com.selenium.hybrid.testcases.MonthlyShoeDisplaysTest">
    <failure type="java.lang.AssertionError" message="Fail to open the browser expected [true] but found [false]">
      <![CDATA[java.lang.AssertionError: Fail to open the browser expected [true] but found [false]
	at com.selenium.hybrid.util.Keywords.executeKeywords(Keywords.java:144)
	at com.selenium.hybrid.testcases.MonthlyShoeDisplaysTest.testMonthlyShoeDisplays(MonthlyShoeDisplaysTest.java:44)
... Removed 27 stack frames]]>
    </failure>
  </testcase> <!-- testMonthlyShoeDisplays -->
  <testcase name="testMonthlyShoeDisplays" time="2.029" classname="com.selenium.hybrid.testcases.MonthlyShoeDisplaysTest">
    <failure type="java.lang.AssertionError" message="Fail to open the browser expected [true] but found [false]">
      <![CDATA[java.lang.AssertionError: Fail to open the browser expected [true] but found [false]
	at com.selenium.hybrid.util.Keywords.executeKeywords(Keywords.java:144)
	at com.selenium.hybrid.testcases.MonthlyShoeDisplaysTest.testMonthlyShoeDisplays(MonthlyShoeDisplaysTest.java:44)
... Removed 27 stack frames]]>
    </failure>
  </testcase> <!-- testMonthlyShoeDisplays -->
  <testcase name="testMonthlyShoeDisplays" time="1.915" classname="com.selenium.hybrid.testcases.MonthlyShoeDisplaysTest">
    <failure type="java.lang.AssertionError" message="Fail to open the browser expected [true] but found [false]">
      <![CDATA[java.lang.AssertionError: Fail to open the browser expected [true] but found [false]
	at com.selenium.hybrid.util.Keywords.executeKeywords(Keywords.java:144)
	at com.selenium.hybrid.testcases.MonthlyShoeDisplaysTest.testMonthlyShoeDisplays(MonthlyShoeDisplaysTest.java:44)
... Removed 27 stack frames]]>
    </failure>
  </testcase> <!-- testMonthlyShoeDisplays -->
  <testcase name="testMonthlyShoeDisplays" time="1.965" classname="com.selenium.hybrid.testcases.MonthlyShoeDisplaysTest">
    <failure type="java.lang.AssertionError" message="Fail to open the browser expected [true] but found [false]">
      <![CDATA[java.lang.AssertionError: Fail to open the browser expected [true] but found [false]
	at com.selenium.hybrid.util.Keywords.executeKeywords(Keywords.java:144)
	at com.selenium.hybrid.testcases.MonthlyShoeDisplaysTest.testMonthlyShoeDisplays(MonthlyShoeDisplaysTest.java:44)
... Removed 27 stack frames]]>
    </failure>
  </testcase> <!-- testMonthlyShoeDisplays -->
  <testcase name="testMonthlyShoeDisplays" time="1.954" classname="com.selenium.hybrid.testcases.MonthlyShoeDisplaysTest">
    <failure type="java.lang.AssertionError" message="Fail to open the browser expected [true] but found [false]">
      <![CDATA[java.lang.AssertionError: Fail to open the browser expected [true] but found [false]
	at com.selenium.hybrid.util.Keywords.executeKeywords(Keywords.java:144)
	at com.selenium.hybrid.testcases.MonthlyShoeDisplaysTest.testMonthlyShoeDisplays(MonthlyShoeDisplaysTest.java:44)
... Removed 27 stack frames]]>
    </failure>
  </testcase> <!-- testMonthlyShoeDisplays -->
  <testcase name="testMonthlyShoeDisplays" time="1.946" classname="com.selenium.hybrid.testcases.MonthlyShoeDisplaysTest">
    <failure type="java.lang.AssertionError" message="Fail to open the browser expected [true] but found [false]">
      <![CDATA[java.lang.AssertionError: Fail to open the browser expected [true] but found [false]
	at com.selenium.hybrid.util.Keywords.executeKeywords(Keywords.java:144)
	at com.selenium.hybrid.testcases.MonthlyShoeDisplaysTest.testMonthlyShoeDisplays(MonthlyShoeDisplaysTest.java:44)
... Removed 27 stack frames]]>
    </failure>
  </testcase> <!-- testMonthlyShoeDisplays -->
  <testcase name="testMonthlyShoeDisplays" time="1.963" classname="com.selenium.hybrid.testcases.MonthlyShoeDisplaysTest">
    <failure type="java.lang.AssertionError" message="Fail to open the browser expected [true] but found [false]">
      <![CDATA[java.lang.AssertionError: Fail to open the browser expected [true] but found [false]
	at com.selenium.hybrid.util.Keywords.executeKeywords(Keywords.java:144)
	at com.selenium.hybrid.testcases.MonthlyShoeDisplaysTest.testMonthlyShoeDisplays(MonthlyShoeDisplaysTest.java:44)
... Removed 27 stack frames]]>
    </failure>
  </testcase> <!-- testMonthlyShoeDisplays -->
  <testcase name="testMonthlyShoeDisplays" time="1.993" classname="com.selenium.hybrid.testcases.MonthlyShoeDisplaysTest">
    <failure type="java.lang.AssertionError" message="Fail to open the browser expected [true] but found [false]">
      <![CDATA[java.lang.AssertionError: Fail to open the browser expected [true] but found [false]
	at com.selenium.hybrid.util.Keywords.executeKeywords(Keywords.java:144)
	at com.selenium.hybrid.testcases.MonthlyShoeDisplaysTest.testMonthlyShoeDisplays(MonthlyShoeDisplaysTest.java:44)
... Removed 27 stack frames]]>
    </failure>
  </testcase> <!-- testMonthlyShoeDisplays -->
  <testcase name="testMonthlyShoeDisplays" time="2.085" classname="com.selenium.hybrid.testcases.MonthlyShoeDisplaysTest">
    <failure type="java.lang.AssertionError" message="Fail to open the browser expected [true] but found [false]">
      <![CDATA[java.lang.AssertionError: Fail to open the browser expected [true] but found [false]
	at com.selenium.hybrid.util.Keywords.executeKeywords(Keywords.java:144)
	at com.selenium.hybrid.testcases.MonthlyShoeDisplaysTest.testMonthlyShoeDisplays(MonthlyShoeDisplaysTest.java:44)
... Removed 27 stack frames]]>
    </failure>
  </testcase> <!-- testMonthlyShoeDisplays -->
  <testcase name="testMonthlyShoeDisplays" time="1.978" classname="com.selenium.hybrid.testcases.MonthlyShoeDisplaysTest">
    <failure type="java.lang.AssertionError" message="Fail to open the browser expected [true] but found [false]">
      <![CDATA[java.lang.AssertionError: Fail to open the browser expected [true] but found [false]
	at com.selenium.hybrid.util.Keywords.executeKeywords(Keywords.java:144)
	at com.selenium.hybrid.testcases.MonthlyShoeDisplaysTest.testMonthlyShoeDisplays(MonthlyShoeDisplaysTest.java:44)
... Removed 27 stack frames]]>
    </failure>
  </testcase> <!-- testMonthlyShoeDisplays -->
  <testcase name="testMonthlyShoeDisplays" time="2.126" classname="com.selenium.hybrid.testcases.MonthlyShoeDisplaysTest">
    <failure type="java.lang.AssertionError" message="Fail to open the browser expected [true] but found [false]">
      <![CDATA[java.lang.AssertionError: Fail to open the browser expected [true] but found [false]
	at com.selenium.hybrid.util.Keywords.executeKeywords(Keywords.java:144)
	at com.selenium.hybrid.testcases.MonthlyShoeDisplaysTest.testMonthlyShoeDisplays(MonthlyShoeDisplaysTest.java:44)
... Removed 27 stack frames]]>
    </failure>
  </testcase> <!-- testMonthlyShoeDisplays -->
</testsuite> <!-- MonthlyShoeDisplaysTest -->
