<?xml version="1.0" encoding="UTF-8"?>
<!-- Generated by org.testng.reporters.JUnitXMLReporter -->
<testsuite hostname="WINDOWS-5FHOE7R" name="MonthlyShoeDisplaysTest_Mozilla" tests="13" failures="2" timestamp="8 May 2016 21:48:29 GMT" time="39.892" errors="0">
  <testcase name="testMonthlyShoeDisplays" time="6.015" classname="com.selenium.hybrid.testcases.MonthlyShoeDisplaysTest"/>
  <testcase name="testMonthlyShoeDisplays" time="2.79" classname="com.selenium.hybrid.testcases.MonthlyShoeDisplaysTest"/>
  <testcase name="testMonthlyShoeDisplays" time="3.278" classname="com.selenium.hybrid.testcases.MonthlyShoeDisplaysTest"/>
  <testcase name="testMonthlyShoeDisplays" time="2.165" classname="com.selenium.hybrid.testcases.MonthlyShoeDisplaysTest"/>
  <testcase name="testMonthlyShoeDisplays" time="2.01" classname="com.selenium.hybrid.testcases.MonthlyShoeDisplaysTest"/>
  <testcase name="testMonthlyShoeDisplays" time="2.199" classname="com.selenium.hybrid.testcases.MonthlyShoeDisplaysTest"/>
  <testcase name="testMonthlyShoeDisplays" time="1.851" classname="com.selenium.hybrid.testcases.MonthlyShoeDisplaysTest"/>
  <testcase name="testMonthlyShoeDisplays" time="1.447" classname="com.selenium.hybrid.testcases.MonthlyShoeDisplaysTest"/>
  <testcase name="testMonthlyShoeDisplays" time="1.753" classname="com.selenium.hybrid.testcases.MonthlyShoeDisplaysTest"/>
  <testcase name="testMonthlyShoeDisplays" time="1.951" classname="com.selenium.hybrid.testcases.MonthlyShoeDisplaysTest"/>
  <testcase name="testMonthlyShoeDisplays" time="1.443" classname="com.selenium.hybrid.testcases.MonthlyShoeDisplaysTest">
    <failure type="java.lang.AssertionError" message="Fail -Image src is null.No Image to display.
 expected [true] but found [false]">
      <![CDATA[java.lang.AssertionError: Fail -Image src is null.No Image to display.
 expected [true] but found [false]
	at com.selenium.hybrid.util.Keywords.executeKeywords(Keywords.java:143)
	at com.selenium.hybrid.testcases.MonthlyShoeDisplaysTest.testMonthlyShoeDisplays(MonthlyShoeDisplaysTest.java:45)
	at java.util.concurrent.FutureTask.run(Unknown Source)
	at java.util.concurrent.ThreadPoolExecutor.runWorker(Unknown Source)
	at java.util.concurrent.ThreadPoolExecutor$Worker.run(Unknown Source)
	at java.lang.Thread.run(Unknown Source)
... Removed 18 stack frames]]>
    </failure>
  </testcase> <!-- testMonthlyShoeDisplays -->
  <testcase name="testMonthlyShoeDisplays" time="1.128" classname="com.selenium.hybrid.testcases.MonthlyShoeDisplaysTest"/>
  <testcase name="testMonthlyShoeDisplays" time="5.652" classname="com.selenium.hybrid.testcases.MonthlyShoeDisplaysTest">
    <failure type="java.lang.AssertionError" message="Fail -Image src is null.No Image to display.
 expected [true] but found [false]">
      <![CDATA[java.lang.AssertionError: Fail -Image src is null.No Image to display.
 expected [true] but found [false]
	at com.selenium.hybrid.util.Keywords.executeKeywords(Keywords.java:143)
	at com.selenium.hybrid.testcases.MonthlyShoeDisplaysTest.testMonthlyShoeDisplays(MonthlyShoeDisplaysTest.java:45)
	at java.util.concurrent.FutureTask.run(Unknown Source)
	at java.util.concurrent.ThreadPoolExecutor.runWorker(Unknown Source)
	at java.util.concurrent.ThreadPoolExecutor$Worker.run(Unknown Source)
	at java.lang.Thread.run(Unknown Source)
... Removed 18 stack frames]]>
    </failure>
  </testcase> <!-- testMonthlyShoeDisplays -->
</testsuite> <!-- MonthlyShoeDisplaysTest_Mozilla -->
