<!DOCTYPE html PUBLIC "-//W3C//DTD XHTML 1.1//EN" "http://www.w3.org/TR/xhtml11/DTD/xhtml11.dtd">
<html xmlns="http://www.w3.org/1999/xhtml"><head><title>TestNG Report</title><style type="text/css">table {margin-bottom:10px;border-collapse:collapse;empty-cells:show}th,td {border:1px solid #009;padding:.25em .5em}th {vertical-align:bottom}td {vertical-align:top}table a {font-weight:bold}.stripe td {background-color: #E6EBF9}.num {text-align:right}.passedodd td {background-color: #3F3}.passedeven td {background-color: #0A0}.skippedodd td {background-color: #DDD}.skippedeven td {background-color: #CCC}.failedodd td,.attn {background-color: #F33}.failedeven td,.stripe .attn {background-color: #D00}.stacktrace {white-space:pre;font-family:monospace}.totop {font-size:85%;text-align:center;border-bottom:2px solid #000}</style></head><body><table><tr><th>Test</th><th># Passed</th><th># Skipped</th><th># Failed</th><th>Time (ms)</th><th>Included Groups</th><th>Excluded Groups</th></tr><tr><th colspan="7">ShoeShop</th></tr><tr><td><a href="#t0">MonthlyShoeDisplaysTest</a></td><td class="num">0</td><td class="num">0</td><td class="num attn">13</td><td class="num">27,262</td><td></td><td></td></tr><tr class="stripe"><td><a href="#t1">EmailSubscriptionTest</a></td><td class="num">0</td><td class="num">0</td><td class="num attn">2</td><td class="num">4,021</td><td></td><td></td></tr><tr><th>Total</th><th class="num">0</th><th class="num">0</th><th class="num attn">15</th><th class="num">31,283</th><th colspan="2"></th></tr></table><table><thead><tr><th>Class</th><th>Method</th><th>Start</th><th>Time (ms)</th></tr></thead><tbody><tr><th colspan="4">ShoeShop</th></tr></tbody><tbody id="t0"><tr><th colspan="4">MonthlyShoeDisplaysTest &#8212; failed</th></tr><tr class="failedeven"><td rowspan="13">com.selenium.hybrid.testcases.MonthlyShoeDisplaysTest</td><td><a href="#m0">testMonthlyShoeDisplays</a></td><td rowspan="13">1462753370476</td><td rowspan="13">1954</td></tr><tr class="failedeven"><td><a href="#m1">testMonthlyShoeDisplays</a></td></tr><tr class="failedeven"><td><a href="#m2">testMonthlyShoeDisplays</a></td></tr><tr class="failedeven"><td><a href="#m3">testMonthlyShoeDisplays</a></td></tr><tr class="failedeven"><td><a href="#m4">testMonthlyShoeDisplays</a></td></tr><tr class="failedeven"><td><a href="#m5">testMonthlyShoeDisplays</a></td></tr><tr class="failedeven"><td><a href="#m6">testMonthlyShoeDisplays</a></td></tr><tr class="failedeven"><td><a href="#m7">testMonthlyShoeDisplays</a></td></tr><tr class="failedeven"><td><a href="#m8">testMonthlyShoeDisplays</a></td></tr><tr class="failedeven"><td><a href="#m9">testMonthlyShoeDisplays</a></td></tr><tr class="failedeven"><td><a href="#m10">testMonthlyShoeDisplays</a></td></tr><tr class="failedeven"><td><a href="#m11">testMonthlyShoeDisplays</a></td></tr><tr class="failedeven"><td><a href="#m12">testMonthlyShoeDisplays</a></td></tr></tbody><tbody id="t1"><tr><th colspan="4">EmailSubscriptionTest &#8212; failed</th></tr><tr class="failedeven"><td rowspan="2">com.selenium.hybrid.testcases.EmailSubscriptionTest</td><td><a href="#m13">testEmailSubscription</a></td><td rowspan="2">1462753386611</td><td rowspan="2">1993</td></tr><tr class="failedeven"><td><a href="#m14">testEmailSubscription</a></td></tr></tbody></table><h2>MonthlyShoeDisplaysTest</h2><h3 id="m0">com.selenium.hybrid.testcases.MonthlyShoeDisplaysTest#testMonthlyShoeDisplays</h3><table class="result"><tr class="param"><th>Parameter #1</th></tr><tr class="param stripe"><td>{Month=July, Runmode=Y}</td></tr><tr><th>Exception</th></tr><tr><td><div class="stacktrace">java.lang.AssertionError: Fail to open the browser expected [true] but found [false]
	at com.selenium.hybrid.util.Keywords.executeKeywords(Keywords.java:144)
	at com.selenium.hybrid.testcases.MonthlyShoeDisplaysTest.testMonthlyShoeDisplays(MonthlyShoeDisplaysTest.java:44)
... Removed 27 stack frames</div></td></tr></table><p class="totop"><a href="#summary">back to summary</a></p><h3 id="m1">com.selenium.hybrid.testcases.MonthlyShoeDisplaysTest#testMonthlyShoeDisplays</h3><table class="result"><tr class="param"><th>Parameter #1</th></tr><tr class="param stripe"><td>{Month=September, Runmode=Y}</td></tr><tr><th>Exception</th></tr><tr><td><div class="stacktrace">java.lang.AssertionError: Fail to open the browser expected [true] but found [false]
	at com.selenium.hybrid.util.Keywords.executeKeywords(Keywords.java:144)
	at com.selenium.hybrid.testcases.MonthlyShoeDisplaysTest.testMonthlyShoeDisplays(MonthlyShoeDisplaysTest.java:44)
... Removed 27 stack frames</div></td></tr></table><p class="totop"><a href="#summary">back to summary</a></p><h3 id="m2">com.selenium.hybrid.testcases.MonthlyShoeDisplaysTest#testMonthlyShoeDisplays</h3><table class="result"><tr class="param"><th>Parameter #1</th></tr><tr class="param stripe"><td>{Month=October, Runmode=Y}</td></tr><tr><th>Exception</th></tr><tr><td><div class="stacktrace">java.lang.AssertionError: Fail to open the browser expected [true] but found [false]
	at com.selenium.hybrid.util.Keywords.executeKeywords(Keywords.java:144)
	at com.selenium.hybrid.testcases.MonthlyShoeDisplaysTest.testMonthlyShoeDisplays(MonthlyShoeDisplaysTest.java:44)
... Removed 27 stack frames</div></td></tr></table><p class="totop"><a href="#summary">back to summary</a></p><h3 id="m3">com.selenium.hybrid.testcases.MonthlyShoeDisplaysTest#testMonthlyShoeDisplays</h3><table class="result"><tr class="param"><th>Parameter #1</th></tr><tr class="param stripe"><td>{Month=May, Runmode=Y}</td></tr><tr><th>Exception</th></tr><tr><td><div class="stacktrace">java.lang.AssertionError: Fail to open the browser expected [true] but found [false]
	at com.selenium.hybrid.util.Keywords.executeKeywords(Keywords.java:144)
	at com.selenium.hybrid.testcases.MonthlyShoeDisplaysTest.testMonthlyShoeDisplays(MonthlyShoeDisplaysTest.java:44)
... Removed 27 stack frames</div></td></tr></table><p class="totop"><a href="#summary">back to summary</a></p><h3 id="m4">com.selenium.hybrid.testcases.MonthlyShoeDisplaysTest#testMonthlyShoeDisplays</h3><table class="result"><tr class="param"><th>Parameter #1</th></tr><tr class="param stripe"><td>{Month=December, Runmode=Y}</td></tr><tr><th>Exception</th></tr><tr><td><div class="stacktrace">java.lang.AssertionError: Fail to open the browser expected [true] but found [false]
	at com.selenium.hybrid.util.Keywords.executeKeywords(Keywords.java:144)
	at com.selenium.hybrid.testcases.MonthlyShoeDisplaysTest.testMonthlyShoeDisplays(MonthlyShoeDisplaysTest.java:44)
... Removed 27 stack frames</div></td></tr></table><p class="totop"><a href="#summary">back to summary</a></p><h3 id="m5">com.selenium.hybrid.testcases.MonthlyShoeDisplaysTest#testMonthlyShoeDisplays</h3><table class="result"><tr class="param"><th>Parameter #1</th></tr><tr class="param stripe"><td>{Month=February, Runmode=Y}</td></tr><tr><th>Exception</th></tr><tr><td><div class="stacktrace">java.lang.AssertionError: Fail to open the browser expected [true] but found [false]
	at com.selenium.hybrid.util.Keywords.executeKeywords(Keywords.java:144)
	at com.selenium.hybrid.testcases.MonthlyShoeDisplaysTest.testMonthlyShoeDisplays(MonthlyShoeDisplaysTest.java:44)
... Removed 27 stack frames</div></td></tr></table><p class="totop"><a href="#summary">back to summary</a></p><h3 id="m6">com.selenium.hybrid.testcases.MonthlyShoeDisplaysTest#testMonthlyShoeDisplays</h3><table class="result"><tr class="param"><th>Parameter #1</th></tr><tr class="param stripe"><td>{Month=April, Runmode=Y}</td></tr><tr><th>Exception</th></tr><tr><td><div class="stacktrace">java.lang.AssertionError: Fail to open the browser expected [true] but found [false]
	at com.selenium.hybrid.util.Keywords.executeKeywords(Keywords.java:144)
	at com.selenium.hybrid.testcases.MonthlyShoeDisplaysTest.testMonthlyShoeDisplays(MonthlyShoeDisplaysTest.java:44)
... Removed 27 stack frames</div></td></tr></table><p class="totop"><a href="#summary">back to summary</a></p><h3 id="m7">com.selenium.hybrid.testcases.MonthlyShoeDisplaysTest#testMonthlyShoeDisplays</h3><table class="result"><tr class="param"><th>Parameter #1</th></tr><tr class="param stripe"><td>{Month=All Shoes, Runmode=Y}</td></tr><tr><th>Exception</th></tr><tr><td><div class="stacktrace">java.lang.AssertionError: Fail to open the browser expected [true] but found [false]
	at com.selenium.hybrid.util.Keywords.executeKeywords(Keywords.java:144)
	at com.selenium.hybrid.testcases.MonthlyShoeDisplaysTest.testMonthlyShoeDisplays(MonthlyShoeDisplaysTest.java:44)
... Removed 27 stack frames</div></td></tr></table><p class="totop"><a href="#summary">back to summary</a></p><h3 id="m8">com.selenium.hybrid.testcases.MonthlyShoeDisplaysTest#testMonthlyShoeDisplays</h3><table class="result"><tr class="param"><th>Parameter #1</th></tr><tr class="param stripe"><td>{Month=January, Runmode=Y}</td></tr><tr><th>Exception</th></tr><tr><td><div class="stacktrace">java.lang.AssertionError: Fail to open the browser expected [true] but found [false]
	at com.selenium.hybrid.util.Keywords.executeKeywords(Keywords.java:144)
	at com.selenium.hybrid.testcases.MonthlyShoeDisplaysTest.testMonthlyShoeDisplays(MonthlyShoeDisplaysTest.java:44)
... Removed 27 stack frames</div></td></tr></table><p class="totop"><a href="#summary">back to summary</a></p><h3 id="m9">com.selenium.hybrid.testcases.MonthlyShoeDisplaysTest#testMonthlyShoeDisplays</h3><table class="result"><tr class="param"><th>Parameter #1</th></tr><tr class="param stripe"><td>{Month=March, Runmode=Y}</td></tr><tr><th>Exception</th></tr><tr><td><div class="stacktrace">java.lang.AssertionError: Fail to open the browser expected [true] but found [false]
	at com.selenium.hybrid.util.Keywords.executeKeywords(Keywords.java:144)
	at com.selenium.hybrid.testcases.MonthlyShoeDisplaysTest.testMonthlyShoeDisplays(MonthlyShoeDisplaysTest.java:44)
... Removed 27 stack frames</div></td></tr></table><p class="totop"><a href="#summary">back to summary</a></p><h3 id="m10">com.selenium.hybrid.testcases.MonthlyShoeDisplaysTest#testMonthlyShoeDisplays</h3><table class="result"><tr class="param"><th>Parameter #1</th></tr><tr class="param stripe"><td>{Month=June, Runmode=Y}</td></tr><tr><th>Exception</th></tr><tr><td><div class="stacktrace">java.lang.AssertionError: Fail to open the browser expected [true] but found [false]
	at com.selenium.hybrid.util.Keywords.executeKeywords(Keywords.java:144)
	at com.selenium.hybrid.testcases.MonthlyShoeDisplaysTest.testMonthlyShoeDisplays(MonthlyShoeDisplaysTest.java:44)
... Removed 27 stack frames</div></td></tr></table><p class="totop"><a href="#summary">back to summary</a></p><h3 id="m11">com.selenium.hybrid.testcases.MonthlyShoeDisplaysTest#testMonthlyShoeDisplays</h3><table class="result"><tr class="param"><th>Parameter #1</th></tr><tr class="param stripe"><td>{Month=November, Runmode=Y}</td></tr><tr><th>Exception</th></tr><tr><td><div class="stacktrace">java.lang.AssertionError: Fail to open the browser expected [true] but found [false]
	at com.selenium.hybrid.util.Keywords.executeKeywords(Keywords.java:144)
	at com.selenium.hybrid.testcases.MonthlyShoeDisplaysTest.testMonthlyShoeDisplays(MonthlyShoeDisplaysTest.java:44)
... Removed 27 stack frames</div></td></tr></table><p class="totop"><a href="#summary">back to summary</a></p><h3 id="m12">com.selenium.hybrid.testcases.MonthlyShoeDisplaysTest#testMonthlyShoeDisplays</h3><table class="result"><tr class="param"><th>Parameter #1</th></tr><tr class="param stripe"><td>{Month=August, Runmode=Y}</td></tr><tr><th>Exception</th></tr><tr><td><div class="stacktrace">java.lang.AssertionError: Fail to open the browser expected [true] but found [false]
	at com.selenium.hybrid.util.Keywords.executeKeywords(Keywords.java:144)
	at com.selenium.hybrid.testcases.MonthlyShoeDisplaysTest.testMonthlyShoeDisplays(MonthlyShoeDisplaysTest.java:44)
... Removed 27 stack frames</div></td></tr></table><p class="totop"><a href="#summary">back to summary</a></p><h2>EmailSubscriptionTest</h2><h3 id="m13">com.selenium.hybrid.testcases.EmailSubscriptionTest#testEmailSubscription</h3><table class="result"><tr class="param"><th>Parameter #1</th></tr><tr class="param stripe"><td>{Runmode=Y, Email=bsandhya525@gmail.com}</td></tr><tr><th>Exception</th></tr><tr><td><div class="stacktrace">java.lang.AssertionError: Fail to open the browser expected [true] but found [false]
	at com.selenium.hybrid.util.Keywords.executeKeywords(Keywords.java:144)
	at com.selenium.hybrid.testcases.EmailSubscriptionTest.testEmailSubscription(EmailSubscriptionTest.java:43)
... Removed 27 stack frames</div></td></tr></table><p class="totop"><a href="#summary">back to summary</a></p><h3 id="m14">com.selenium.hybrid.testcases.EmailSubscriptionTest#testEmailSubscription</h3><table class="result"><tr class="param"><th>Parameter #1</th></tr><tr class="param stripe"><td>{Runmode=Y, Email=bsandhya525@rediffmail.com}</td></tr><tr><th>Exception</th></tr><tr><td><div class="stacktrace">java.lang.AssertionError: Fail to open the browser expected [true] but found [false]
	at com.selenium.hybrid.util.Keywords.executeKeywords(Keywords.java:144)
	at com.selenium.hybrid.testcases.EmailSubscriptionTest.testEmailSubscription(EmailSubscriptionTest.java:43)
... Removed 27 stack frames</div></td></tr></table><p class="totop"><a href="#summary">back to summary</a></p></body></html>